{"uuid":"38cea2a7-8614-475c-ae50-761246eb2fce","historyId":"c72e090e403d4f13f205dd63cdebd028","fullName":"addProductsToCompareList.AddProductsToCompareListTest.testAddTwoProductsToCompareList","labels":[{"name":"package","value":"addProductsToCompareList.AddProductsToCompareListTest"},{"name":"testClass","value":"addProductsToCompareList.AddProductsToCompareListTest"},{"name":"testMethod","value":"testAddTwoProductsToCompareList"},{"name":"parentSuite","value":"Default Suite"},{"name":"suite","value":"Magento-Automation-Project"},{"name":"subSuite","value":"addProductsToCompareList.AddProductsToCompareListTest"},{"name":"host","value":"DESKTOP-3VRMRA4"},{"name":"thread","value":"3288@DESKTOP-3VRMRA4.main(1)"},{"name":"framework","value":"testng"},{"name":"language","value":"java"}],"links":[],"name":"testAddTwoProductsToCompareList","status":"broken","statusDetails":{"known":false,"muted":false,"flaky":false,"message":"Expected condition failed: waiting for all conditions to be valid: visibility of [[ChromeDriver: chrome on windows (4c04a71080eab0868297e5fa9d3c471b)] -> css selector: body > div:nth-child(5) > main:nth-child(3) > div:nth-child(4) > div:nth-child(1) > div:nth-child(5) > div:nth-child(6) > div:nth-child(1) > div:nth-child(1) > ol:nth-child(1) > li:nth-child(1) > div:nth-child(1) > div:nth-child(2) > div:nth-child(5) > div:nth-child(1) > div:nth-child(2) > a:nth-child(2)] && visibility of element located by By.cssSelector: body > div:nth-child(5) > main:nth-child(3) > div:nth-child(4) > div:nth-child(1) > div:nth-child(5) > div:nth-child(6) > div:nth-child(1) > div:nth-child(1) > ol:nth-child(1) > li:nth-child(1) > div:nth-child(1) > div:nth-child(2) > div:nth-child(5) > div:nth-child(1) > div:nth-child(2) > a:nth-child(2) && presence of element located by: By.cssSelector: body > div:nth-child(5) > main:nth-child(3) > div:nth-child(4) > div:nth-child(1) > div:nth-child(5) > div:nth-child(6) > div:nth-child(1) > div:nth-child(1) > ol:nth-child(1) > li:nth-child(1) > div:nth-child(1) > div:nth-child(2) > div:nth-child(5) > div:nth-child(1) > div:nth-child(2) > a:nth-child(2) && element to be clickable: By.cssSelector: body > div:nth-child(5) > main:nth-child(3) > div:nth-child(4) > div:nth-child(1) > div:nth-child(5) > div:nth-child(6) > div:nth-child(1) > div:nth-child(1) > ol:nth-child(1) > li:nth-child(1) > div:nth-child(1) > div:nth-child(2) > div:nth-child(5) > div:nth-child(1) > div:nth-child(2) > a:nth-child(2) (tried for 15 second(s) with 500 milliseconds interval)\nBuild info: version: '4.27.0', revision: 'd6e718d134'\nSystem info: os.name: 'Windows 10', os.arch: 'amd64', os.version: '10.0', java.version: '21.0.5'\nDriver info: org.openqa.selenium.chrome.ChromeDriver\nCapabilities {acceptInsecureCerts: false, browserName: chrome, browserVersion: 131.0.6778.205, chrome: {chromedriverVersion: 131.0.6778.264 (2d05e315153..., userDataDir: C:\\Users\\COMPUC~1\\AppData\\L...}, fedcm:accounts: true, goog:chromeOptions: {debuggerAddress: localhost:61307}, networkConnectionEnabled: false, pageLoadStrategy: normal, platformName: windows, proxy: Proxy(), se:cdp: ws://localhost:61307/devtoo..., se:cdpVersion: 131.0.6778.205, setWindowRect: true, strictFileInteractability: false, timeouts: {implicit: 0, pageLoad: 300000, script: 30000}, unhandledPromptBehavior: dismiss and notify, webauthn:extension:credBlob: true, webauthn:extension:largeBlob: true, webauthn:extension:minPinLength: true, webauthn:extension:prf: true, webauthn:virtualAuthenticators: true}\nSession ID: 4c04a71080eab0868297e5fa9d3c471b","trace":"org.openqa.selenium.TimeoutException: Expected condition failed: waiting for all conditions to be valid: visibility of [[ChromeDriver: chrome on windows (4c04a71080eab0868297e5fa9d3c471b)] -> css selector: body > div:nth-child(5) > main:nth-child(3) > div:nth-child(4) > div:nth-child(1) > div:nth-child(5) > div:nth-child(6) > div:nth-child(1) > div:nth-child(1) > ol:nth-child(1) > li:nth-child(1) > div:nth-child(1) > div:nth-child(2) > div:nth-child(5) > div:nth-child(1) > div:nth-child(2) > a:nth-child(2)] && visibility of element located by By.cssSelector: body > div:nth-child(5) > main:nth-child(3) > div:nth-child(4) > div:nth-child(1) > div:nth-child(5) > div:nth-child(6) > div:nth-child(1) > div:nth-child(1) > ol:nth-child(1) > li:nth-child(1) > div:nth-child(1) > div:nth-child(2) > div:nth-child(5) > div:nth-child(1) > div:nth-child(2) > a:nth-child(2) && presence of element located by: By.cssSelector: body > div:nth-child(5) > main:nth-child(3) > div:nth-child(4) > div:nth-child(1) > div:nth-child(5) > div:nth-child(6) > div:nth-child(1) > div:nth-child(1) > ol:nth-child(1) > li:nth-child(1) > div:nth-child(1) > div:nth-child(2) > div:nth-child(5) > div:nth-child(1) > div:nth-child(2) > a:nth-child(2) && element to be clickable: By.cssSelector: body > div:nth-child(5) > main:nth-child(3) > div:nth-child(4) > div:nth-child(1) > div:nth-child(5) > div:nth-child(6) > div:nth-child(1) > div:nth-child(1) > ol:nth-child(1) > li:nth-child(1) > div:nth-child(1) > div:nth-child(2) > div:nth-child(5) > div:nth-child(1) > div:nth-child(2) > a:nth-child(2) (tried for 15 second(s) with 500 milliseconds interval)\nBuild info: version: '4.27.0', revision: 'd6e718d134'\nSystem info: os.name: 'Windows 10', os.arch: 'amd64', os.version: '10.0', java.version: '21.0.5'\nDriver info: org.openqa.selenium.chrome.ChromeDriver\nCapabilities {acceptInsecureCerts: false, browserName: chrome, browserVersion: 131.0.6778.205, chrome: {chromedriverVersion: 131.0.6778.264 (2d05e315153..., userDataDir: C:\\Users\\COMPUC~1\\AppData\\L...}, fedcm:accounts: true, goog:chromeOptions: {debuggerAddress: localhost:61307}, networkConnectionEnabled: false, pageLoadStrategy: normal, platformName: windows, proxy: Proxy(), se:cdp: ws://localhost:61307/devtoo..., se:cdpVersion: 131.0.6778.205, setWindowRect: true, strictFileInteractability: false, timeouts: {implicit: 0, pageLoad: 300000, script: 30000}, unhandledPromptBehavior: dismiss and notify, webauthn:extension:credBlob: true, webauthn:extension:largeBlob: true, webauthn:extension:minPinLength: true, webauthn:extension:prf: true, webauthn:virtualAuthenticators: true}\nSession ID: 4c04a71080eab0868297e5fa9d3c471b\r\n\tat org.openqa.selenium.support.ui.WebDriverWait.timeoutException(WebDriverWait.java:84)\r\n\tat org.openqa.selenium.support.ui.FluentWait.until(FluentWait.java:228)\r\n\tat utils.MethodHandles.explicitWait(MethodHandles.java:32)\r\n\tat utils.MethodHandles.click(MethodHandles.java:51)\r\n\tat pages.HomePage.selectAndClickAProduct(HomePage.java:55)\r\n\tat addProductsToCompareList.AddProductsToCompareListTest.testAddTwoProductsToCompareList(AddProductsToCompareListTest.java:62)\r\n\tat java.base/jdk.internal.reflect.DirectMethodHandleAccessor.invoke(DirectMethodHandleAccessor.java:103)\r\n\tat java.base/java.lang.reflect.Method.invoke(Method.java:580)\r\n\tat org.testng.internal.invokers.MethodInvocationHelper.invokeMethod(MethodInvocationHelper.java:141)\r\n\tat org.testng.internal.invokers.TestInvoker.invokeMethod(TestInvoker.java:686)\r\n\tat org.testng.internal.invokers.TestInvoker.invokeTestMethod(TestInvoker.java:230)\r\n\tat org.testng.internal.invokers.MethodRunner.runInSequence(MethodRunner.java:63)\r\n\tat org.testng.internal.invokers.TestInvoker$MethodInvocationAgent.invoke(TestInvoker.java:992)\r\n\tat org.testng.internal.invokers.TestInvoker.invokeTestMethods(TestInvoker.java:203)\r\n\tat org.testng.internal.invokers.TestMethodWorker.invokeTestMethods(TestMethodWorker.java:154)\r\n\tat org.testng.internal.invokers.TestMethodWorker.run(TestMethodWorker.java:134)\r\n\tat java.base/java.util.ArrayList.forEach(ArrayList.java:1596)\r\n\tat org.testng.TestRunner.privateRun(TestRunner.java:739)\r\n\tat org.testng.TestRunner.run(TestRunner.java:614)\r\n\tat org.testng.SuiteRunner.runTest(SuiteRunner.java:421)\r\n\tat org.testng.SuiteRunner.runSequentially(SuiteRunner.java:413)\r\n\tat org.testng.SuiteRunner.privateRun(SuiteRunner.java:373)\r\n\tat org.testng.SuiteRunner.run(SuiteRunner.java:312)\r\n\tat org.testng.SuiteRunnerWorker.runSuite(SuiteRunnerWorker.java:52)\r\n\tat org.testng.SuiteRunnerWorker.run(SuiteRunnerWorker.java:95)\r\n\tat org.testng.TestNG.runSuitesSequentially(TestNG.java:1274)\r\n\tat org.testng.TestNG.runSuitesLocally(TestNG.java:1208)\r\n\tat org.testng.TestNG.runSuites(TestNG.java:1112)\r\n\tat org.testng.TestNG.run(TestNG.java:1079)\r\n\tat com.intellij.rt.testng.IDEARemoteTestNG.run(IDEARemoteTestNG.java:65)\r\n\tat com.intellij.rt.testng.RemoteTestNGStarter.main(RemoteTestNGStarter.java:105)\r\n"},"stage":"finished","steps":[{"name":"Click On Create Account Link Page","status":"passed","stage":"finished","steps":[],"attachments":[],"parameters":[],"start":1737824759623,"stop":1737824761440},{"name":"insert Create Account First Name","status":"passed","stage":"finished","steps":[],"attachments":[],"parameters":[{"name":"accountFirstNameField","value":"ebrahi700"}],"start":1737824761699,"stop":1737824762028},{"name":"insert Create Account Last Name","status":"passed","stage":"finished","steps":[],"attachments":[],"parameters":[{"name":"accountLastNameField","value":"testing700"}],"start":1737824762032,"stop":1737824762286},{"name":"insert Create Account Email Address","status":"passed","stage":"finished","steps":[],"attachments":[],"parameters":[{"name":"accountEmailField","value":"Kadab700.tq@gmail.com"}],"start":1737824762291,"stop":1737824762494},{"name":"insert Create Account Password","status":"passed","stage":"finished","steps":[],"attachments":[],"parameters":[{"name":"accountPasswordField","value":"Kadabr@700700700"}],"start":1737824762499,"stop":1737824762724},{"name":"insert Create Account Confirm Password","status":"passed","stage":"finished","steps":[],"attachments":[],"parameters":[{"name":"accountConfirmPasswordField","value":"Kadabr@700700700"}],"start":1737824762726,"stop":1737824762912},{"name":"Click On Create Account Button","status":"passed","stage":"finished","steps":[],"attachments":[],"parameters":[],"start":1737824762912,"stop":1737824766064},{"name":"Get Register Success Message","status":"passed","stage":"finished","steps":[],"attachments":[],"parameters":[],"start":1737824766069,"stop":1737824766202},{"name":"Click On Brand Logo In My Account To Go Home Page","status":"passed","stage":"finished","steps":[],"attachments":[],"parameters":[],"start":1737824766211,"stop":1737824767893},{"name":"getHotSellersTitle","status":"passed","stage":"finished","steps":[],"attachments":[],"parameters":[],"start":1737824767895,"stop":1737824768361},{"name":"listOfHotelSellersIsDisplay","status":"passed","stage":"finished","steps":[],"attachments":[],"parameters":[],"start":1737824768363,"stop":1737824768760},{"name":"selectAndClickAProduct","status":"broken","statusDetails":{"known":false,"muted":false,"flaky":false,"message":"Expected condition failed: waiting for all conditions to be valid: visibility of [[ChromeDriver: chrome on windows (4c04a71080eab0868297e5fa9d3c471b)] -> css selector: body > div:nth-child(5) > main:nth-child(3) > div:nth-child(4) > div:nth-child(1) > div:nth-child(5) > div:nth-child(6) > div:nth-child(1) > div:nth-child(1) > ol:nth-child(1) > li:nth-child(1) > div:nth-child(1) > div:nth-child(2) > div:nth-child(5) > div:nth-child(1) > div:nth-child(2) > a:nth-child(2)] && visibility of element located by By.cssSelector: body > div:nth-child(5) > main:nth-child(3) > div:nth-child(4) > div:nth-child(1) > div:nth-child(5) > div:nth-child(6) > div:nth-child(1) > div:nth-child(1) > ol:nth-child(1) > li:nth-child(1) > div:nth-child(1) > div:nth-child(2) > div:nth-child(5) > div:nth-child(1) > div:nth-child(2) > a:nth-child(2) && presence of element located by: By.cssSelector: body > div:nth-child(5) > main:nth-child(3) > div:nth-child(4) > div:nth-child(1) > div:nth-child(5) > div:nth-child(6) > div:nth-child(1) > div:nth-child(1) > ol:nth-child(1) > li:nth-child(1) > div:nth-child(1) > div:nth-child(2) > div:nth-child(5) > div:nth-child(1) > div:nth-child(2) > a:nth-child(2) && element to be clickable: By.cssSelector: body > div:nth-child(5) > main:nth-child(3) > div:nth-child(4) > div:nth-child(1) > div:nth-child(5) > div:nth-child(6) > div:nth-child(1) > div:nth-child(1) > ol:nth-child(1) > li:nth-child(1) > div:nth-child(1) > div:nth-child(2) > div:nth-child(5) > div:nth-child(1) > div:nth-child(2) > a:nth-child(2) (tried for 15 second(s) with 500 milliseconds interval)\nBuild info: version: '4.27.0', revision: 'd6e718d134'\nSystem info: os.name: 'Windows 10', os.arch: 'amd64', os.version: '10.0', java.version: '21.0.5'\nDriver info: org.openqa.selenium.chrome.ChromeDriver\nCapabilities {acceptInsecureCerts: false, browserName: chrome, browserVersion: 131.0.6778.205, chrome: {chromedriverVersion: 131.0.6778.264 (2d05e315153..., userDataDir: C:\\Users\\COMPUC~1\\AppData\\L...}, fedcm:accounts: true, goog:chromeOptions: {debuggerAddress: localhost:61307}, networkConnectionEnabled: false, pageLoadStrategy: normal, platformName: windows, proxy: Proxy(), se:cdp: ws://localhost:61307/devtoo..., se:cdpVersion: 131.0.6778.205, setWindowRect: true, strictFileInteractability: false, timeouts: {implicit: 0, pageLoad: 300000, script: 30000}, unhandledPromptBehavior: dismiss and notify, webauthn:extension:credBlob: true, webauthn:extension:largeBlob: true, webauthn:extension:minPinLength: true, webauthn:extension:prf: true, webauthn:virtualAuthenticators: true}\nSession ID: 4c04a71080eab0868297e5fa9d3c471b","trace":"org.openqa.selenium.TimeoutException: Expected condition failed: waiting for all conditions to be valid: visibility of [[ChromeDriver: chrome on windows (4c04a71080eab0868297e5fa9d3c471b)] -> css selector: body > div:nth-child(5) > main:nth-child(3) > div:nth-child(4) > div:nth-child(1) > div:nth-child(5) > div:nth-child(6) > div:nth-child(1) > div:nth-child(1) > ol:nth-child(1) > li:nth-child(1) > div:nth-child(1) > div:nth-child(2) > div:nth-child(5) > div:nth-child(1) > div:nth-child(2) > a:nth-child(2)] && visibility of element located by By.cssSelector: body > div:nth-child(5) > main:nth-child(3) > div:nth-child(4) > div:nth-child(1) > div:nth-child(5) > div:nth-child(6) > div:nth-child(1) > div:nth-child(1) > ol:nth-child(1) > li:nth-child(1) > div:nth-child(1) > div:nth-child(2) > div:nth-child(5) > div:nth-child(1) > div:nth-child(2) > a:nth-child(2) && presence of element located by: By.cssSelector: body > div:nth-child(5) > main:nth-child(3) > div:nth-child(4) > div:nth-child(1) > div:nth-child(5) > div:nth-child(6) > div:nth-child(1) > div:nth-child(1) > ol:nth-child(1) > li:nth-child(1) > div:nth-child(1) > div:nth-child(2) > div:nth-child(5) > div:nth-child(1) > div:nth-child(2) > a:nth-child(2) && element to be clickable: By.cssSelector: body > div:nth-child(5) > main:nth-child(3) > div:nth-child(4) > div:nth-child(1) > div:nth-child(5) > div:nth-child(6) > div:nth-child(1) > div:nth-child(1) > ol:nth-child(1) > li:nth-child(1) > div:nth-child(1) > div:nth-child(2) > div:nth-child(5) > div:nth-child(1) > div:nth-child(2) > a:nth-child(2) (tried for 15 second(s) with 500 milliseconds interval)\nBuild info: version: '4.27.0', revision: 'd6e718d134'\nSystem info: os.name: 'Windows 10', os.arch: 'amd64', os.version: '10.0', java.version: '21.0.5'\nDriver info: org.openqa.selenium.chrome.ChromeDriver\nCapabilities {acceptInsecureCerts: false, browserName: chrome, browserVersion: 131.0.6778.205, chrome: {chromedriverVersion: 131.0.6778.264 (2d05e315153..., userDataDir: C:\\Users\\COMPUC~1\\AppData\\L...}, fedcm:accounts: true, goog:chromeOptions: {debuggerAddress: localhost:61307}, networkConnectionEnabled: false, pageLoadStrategy: normal, platformName: windows, proxy: Proxy(), se:cdp: ws://localhost:61307/devtoo..., se:cdpVersion: 131.0.6778.205, setWindowRect: true, strictFileInteractability: false, timeouts: {implicit: 0, pageLoad: 300000, script: 30000}, unhandledPromptBehavior: dismiss and notify, webauthn:extension:credBlob: true, webauthn:extension:largeBlob: true, webauthn:extension:minPinLength: true, webauthn:extension:prf: true, webauthn:virtualAuthenticators: true}\nSession ID: 4c04a71080eab0868297e5fa9d3c471b\r\n\tat org.openqa.selenium.support.ui.WebDriverWait.timeoutException(WebDriverWait.java:84)\r\n\tat org.openqa.selenium.support.ui.FluentWait.until(FluentWait.java:228)\r\n\tat utils.MethodHandles.explicitWait(MethodHandles.java:32)\r\n\tat utils.MethodHandles.click(MethodHandles.java:51)\r\n\tat pages.HomePage.selectAndClickAProduct(HomePage.java:55)\r\n\tat addProductsToCompareList.AddProductsToCompareListTest.testAddTwoProductsToCompareList(AddProductsToCompareListTest.java:62)\r\n\tat java.base/jdk.internal.reflect.DirectMethodHandleAccessor.invoke(DirectMethodHandleAccessor.java:103)\r\n\tat java.base/java.lang.reflect.Method.invoke(Method.java:580)\r\n\tat org.testng.internal.invokers.MethodInvocationHelper.invokeMethod(MethodInvocationHelper.java:141)\r\n\tat org.testng.internal.invokers.TestInvoker.invokeMethod(TestInvoker.java:686)\r\n\tat org.testng.internal.invokers.TestInvoker.invokeTestMethod(TestInvoker.java:230)\r\n\tat org.testng.internal.invokers.MethodRunner.runInSequence(MethodRunner.java:63)\r\n\tat org.testng.internal.invokers.TestInvoker$MethodInvocationAgent.invoke(TestInvoker.java:992)\r\n\tat org.testng.internal.invokers.TestInvoker.invokeTestMethods(TestInvoker.java:203)\r\n\tat org.testng.internal.invokers.TestMethodWorker.invokeTestMethods(TestMethodWorker.java:154)\r\n\tat org.testng.internal.invokers.TestMethodWorker.run(TestMethodWorker.java:134)\r\n\tat java.base/java.util.ArrayList.forEach(ArrayList.java:1596)\r\n\tat org.testng.TestRunner.privateRun(TestRunner.java:739)\r\n\tat org.testng.TestRunner.run(TestRunner.java:614)\r\n\tat org.testng.SuiteRunner.runTest(SuiteRunner.java:421)\r\n\tat org.testng.SuiteRunner.runSequentially(SuiteRunner.java:413)\r\n\tat org.testng.SuiteRunner.privateRun(SuiteRunner.java:373)\r\n\tat org.testng.SuiteRunner.run(SuiteRunner.java:312)\r\n\tat org.testng.SuiteRunnerWorker.runSuite(SuiteRunnerWorker.java:52)\r\n\tat org.testng.SuiteRunnerWorker.run(SuiteRunnerWorker.java:95)\r\n\tat org.testng.TestNG.runSuitesSequentially(TestNG.java:1274)\r\n\tat org.testng.TestNG.runSuitesLocally(TestNG.java:1208)\r\n\tat org.testng.TestNG.runSuites(TestNG.java:1112)\r\n\tat org.testng.TestNG.run(TestNG.java:1079)\r\n\tat com.intellij.rt.testng.IDEARemoteTestNG.run(IDEARemoteTestNG.java:65)\r\n\tat com.intellij.rt.testng.RemoteTestNGStarter.main(RemoteTestNGStarter.java:105)\r\n"},"stage":"finished","steps":[],"attachments":[],"parameters":[],"start":1737824768762,"stop":1737824784152}],"attachments":[],"parameters":[],"start":1737824759583,"stop":1737824784160}