{"uuid":"4820bed2-8f12-437c-a418-43b651ef1a65","historyId":"c72e090e403d4f13f205dd63cdebd028","fullName":"addProductsToCompareList.AddProductsToCompareListTest.testAddTwoProductsToCompareList","labels":[{"name":"package","value":"addProductsToCompareList.AddProductsToCompareListTest"},{"name":"testClass","value":"addProductsToCompareList.AddProductsToCompareListTest"},{"name":"testMethod","value":"testAddTwoProductsToCompareList"},{"name":"parentSuite","value":"Default Suite"},{"name":"suite","value":"Magento-Automation-Project"},{"name":"subSuite","value":"addProductsToCompareList.AddProductsToCompareListTest"},{"name":"host","value":"DESKTOP-3VRMRA4"},{"name":"thread","value":"7644@DESKTOP-3VRMRA4.main(1)"},{"name":"framework","value":"testng"},{"name":"language","value":"java"}],"links":[],"name":"testAddTwoProductsToCompareList","status":"broken","statusDetails":{"known":false,"muted":false,"flaky":false,"message":"Expected condition failed: waiting for all conditions to be valid: visibility of element located by By.cssSelector: .action.tocompare && presence of element located by: By.cssSelector: .action.tocompare && element to be clickable: By.cssSelector: .action.tocompare (tried for 9 second(s) with 500 milliseconds interval)\nBuild info: version: '4.27.0', revision: 'd6e718d134'\nSystem info: os.name: 'Windows 10', os.arch: 'amd64', os.version: '10.0', java.version: '21.0.5'\nDriver info: org.openqa.selenium.chrome.ChromeDriver\nCapabilities {acceptInsecureCerts: false, browserName: chrome, browserVersion: 131.0.6778.205, chrome: {chromedriverVersion: 131.0.6778.264 (2d05e315153..., userDataDir: C:\\Users\\COMPUC~1\\AppData\\L...}, fedcm:accounts: true, goog:chromeOptions: {debuggerAddress: localhost:60833}, networkConnectionEnabled: false, pageLoadStrategy: normal, platformName: windows, proxy: Proxy(), se:cdp: ws://localhost:60833/devtoo..., se:cdpVersion: 131.0.6778.205, setWindowRect: true, strictFileInteractability: false, timeouts: {implicit: 0, pageLoad: 300000, script: 30000}, unhandledPromptBehavior: dismiss and notify, webauthn:extension:credBlob: true, webauthn:extension:largeBlob: true, webauthn:extension:minPinLength: true, webauthn:extension:prf: true, webauthn:virtualAuthenticators: true}\nSession ID: f3b3efecbc1d6832fa5017836dcd82d7","trace":"org.openqa.selenium.TimeoutException: Expected condition failed: waiting for all conditions to be valid: visibility of element located by By.cssSelector: .action.tocompare && presence of element located by: By.cssSelector: .action.tocompare && element to be clickable: By.cssSelector: .action.tocompare (tried for 9 second(s) with 500 milliseconds interval)\nBuild info: version: '4.27.0', revision: 'd6e718d134'\nSystem info: os.name: 'Windows 10', os.arch: 'amd64', os.version: '10.0', java.version: '21.0.5'\nDriver info: org.openqa.selenium.chrome.ChromeDriver\nCapabilities {acceptInsecureCerts: false, browserName: chrome, browserVersion: 131.0.6778.205, chrome: {chromedriverVersion: 131.0.6778.264 (2d05e315153..., userDataDir: C:\\Users\\COMPUC~1\\AppData\\L...}, fedcm:accounts: true, goog:chromeOptions: {debuggerAddress: localhost:60833}, networkConnectionEnabled: false, pageLoadStrategy: normal, platformName: windows, proxy: Proxy(), se:cdp: ws://localhost:60833/devtoo..., se:cdpVersion: 131.0.6778.205, setWindowRect: true, strictFileInteractability: false, timeouts: {implicit: 0, pageLoad: 300000, script: 30000}, unhandledPromptBehavior: dismiss and notify, webauthn:extension:credBlob: true, webauthn:extension:largeBlob: true, webauthn:extension:minPinLength: true, webauthn:extension:prf: true, webauthn:virtualAuthenticators: true}\nSession ID: f3b3efecbc1d6832fa5017836dcd82d7\r\n\tat org.openqa.selenium.support.ui.WebDriverWait.timeoutException(WebDriverWait.java:84)\r\n\tat org.openqa.selenium.support.ui.FluentWait.until(FluentWait.java:228)\r\n\tat utils.MethodHandles.explicitWait(MethodHandles.java:32)\r\n\tat utils.MethodHandles.click(MethodHandles.java:51)\r\n\tat pages.HomePage.selectAndClickAProduct(HomePage.java:55)\r\n\tat addProductsToCompareList.AddProductsToCompareListTest.testAddTwoProductsToCompareList(AddProductsToCompareListTest.java:62)\r\n\tat java.base/jdk.internal.reflect.DirectMethodHandleAccessor.invoke(DirectMethodHandleAccessor.java:103)\r\n\tat java.base/java.lang.reflect.Method.invoke(Method.java:580)\r\n\tat org.testng.internal.invokers.MethodInvocationHelper.invokeMethod(MethodInvocationHelper.java:141)\r\n\tat org.testng.internal.invokers.TestInvoker.invokeMethod(TestInvoker.java:686)\r\n\tat org.testng.internal.invokers.TestInvoker.invokeTestMethod(TestInvoker.java:230)\r\n\tat org.testng.internal.invokers.MethodRunner.runInSequence(MethodRunner.java:63)\r\n\tat org.testng.internal.invokers.TestInvoker$MethodInvocationAgent.invoke(TestInvoker.java:992)\r\n\tat org.testng.internal.invokers.TestInvoker.invokeTestMethods(TestInvoker.java:203)\r\n\tat org.testng.internal.invokers.TestMethodWorker.invokeTestMethods(TestMethodWorker.java:154)\r\n\tat org.testng.internal.invokers.TestMethodWorker.run(TestMethodWorker.java:134)\r\n\tat java.base/java.util.ArrayList.forEach(ArrayList.java:1596)\r\n\tat org.testng.TestRunner.privateRun(TestRunner.java:739)\r\n\tat org.testng.TestRunner.run(TestRunner.java:614)\r\n\tat org.testng.SuiteRunner.runTest(SuiteRunner.java:421)\r\n\tat org.testng.SuiteRunner.runSequentially(SuiteRunner.java:413)\r\n\tat org.testng.SuiteRunner.privateRun(SuiteRunner.java:373)\r\n\tat org.testng.SuiteRunner.run(SuiteRunner.java:312)\r\n\tat org.testng.SuiteRunnerWorker.runSuite(SuiteRunnerWorker.java:52)\r\n\tat org.testng.SuiteRunnerWorker.run(SuiteRunnerWorker.java:95)\r\n\tat org.testng.TestNG.runSuitesSequentially(TestNG.java:1274)\r\n\tat org.testng.TestNG.runSuitesLocally(TestNG.java:1208)\r\n\tat org.testng.TestNG.runSuites(TestNG.java:1112)\r\n\tat org.testng.TestNG.run(TestNG.java:1079)\r\n\tat com.intellij.rt.testng.IDEARemoteTestNG.run(IDEARemoteTestNG.java:65)\r\n\tat com.intellij.rt.testng.RemoteTestNGStarter.main(RemoteTestNGStarter.java:105)\r\n"},"stage":"finished","steps":[{"name":"Click On Create Account Link Page","status":"passed","stage":"finished","steps":[],"attachments":[],"parameters":[],"start":1737824525881,"stop":1737824527558},{"name":"insert Create Account First Name","status":"passed","stage":"finished","steps":[],"attachments":[],"parameters":[{"name":"accountFirstNameField","value":"ebrahi600"}],"start":1737824527836,"stop":1737824528097},{"name":"insert Create Account Last Name","status":"passed","stage":"finished","steps":[],"attachments":[],"parameters":[{"name":"accountLastNameField","value":"testing600"}],"start":1737824528102,"stop":1737824528344},{"name":"insert Create Account Email Address","status":"passed","stage":"finished","steps":[],"attachments":[],"parameters":[{"name":"accountEmailField","value":"Kadab600.tz@gmail.com"}],"start":1737824528346,"stop":1737824528571},{"name":"insert Create Account Password","status":"passed","stage":"finished","steps":[],"attachments":[],"parameters":[{"name":"accountPasswordField","value":"Kadabr@600600600"}],"start":1737824528575,"stop":1737824528807},{"name":"insert Create Account Confirm Password","status":"passed","stage":"finished","steps":[],"attachments":[],"parameters":[{"name":"accountConfirmPasswordField","value":"Kadabr@600600600"}],"start":1737824528809,"stop":1737824529015},{"name":"Click On Create Account Button","status":"passed","stage":"finished","steps":[],"attachments":[],"parameters":[],"start":1737824529016,"stop":1737824532082},{"name":"Get Register Success Message","status":"passed","stage":"finished","steps":[],"attachments":[],"parameters":[],"start":1737824532087,"stop":1737824532211},{"name":"Click On Brand Logo In My Account To Go Home Page","status":"passed","stage":"finished","steps":[],"attachments":[],"parameters":[],"start":1737824532218,"stop":1737824534434},{"name":"getHotSellersTitle","status":"passed","stage":"finished","steps":[],"attachments":[],"parameters":[],"start":1737824534434,"stop":1737824534650},{"name":"listOfHotelSellersIsDisplay","status":"passed","stage":"finished","steps":[],"attachments":[],"parameters":[],"start":1737824534651,"stop":1737824534769},{"name":"selectAndClickAProduct","status":"broken","statusDetails":{"known":false,"muted":false,"flaky":false,"message":"Expected condition failed: waiting for all conditions to be valid: visibility of element located by By.cssSelector: .action.tocompare && presence of element located by: By.cssSelector: .action.tocompare && element to be clickable: By.cssSelector: .action.tocompare (tried for 9 second(s) with 500 milliseconds interval)\nBuild info: version: '4.27.0', revision: 'd6e718d134'\nSystem info: os.name: 'Windows 10', os.arch: 'amd64', os.version: '10.0', java.version: '21.0.5'\nDriver info: org.openqa.selenium.chrome.ChromeDriver\nCapabilities {acceptInsecureCerts: false, browserName: chrome, browserVersion: 131.0.6778.205, chrome: {chromedriverVersion: 131.0.6778.264 (2d05e315153..., userDataDir: C:\\Users\\COMPUC~1\\AppData\\L...}, fedcm:accounts: true, goog:chromeOptions: {debuggerAddress: localhost:60833}, networkConnectionEnabled: false, pageLoadStrategy: normal, platformName: windows, proxy: Proxy(), se:cdp: ws://localhost:60833/devtoo..., se:cdpVersion: 131.0.6778.205, setWindowRect: true, strictFileInteractability: false, timeouts: {implicit: 0, pageLoad: 300000, script: 30000}, unhandledPromptBehavior: dismiss and notify, webauthn:extension:credBlob: true, webauthn:extension:largeBlob: true, webauthn:extension:minPinLength: true, webauthn:extension:prf: true, webauthn:virtualAuthenticators: true}\nSession ID: f3b3efecbc1d6832fa5017836dcd82d7","trace":"org.openqa.selenium.TimeoutException: Expected condition failed: waiting for all conditions to be valid: visibility of element located by By.cssSelector: .action.tocompare && presence of element located by: By.cssSelector: .action.tocompare && element to be clickable: By.cssSelector: .action.tocompare (tried for 9 second(s) with 500 milliseconds interval)\nBuild info: version: '4.27.0', revision: 'd6e718d134'\nSystem info: os.name: 'Windows 10', os.arch: 'amd64', os.version: '10.0', java.version: '21.0.5'\nDriver info: org.openqa.selenium.chrome.ChromeDriver\nCapabilities {acceptInsecureCerts: false, browserName: chrome, browserVersion: 131.0.6778.205, chrome: {chromedriverVersion: 131.0.6778.264 (2d05e315153..., userDataDir: C:\\Users\\COMPUC~1\\AppData\\L...}, fedcm:accounts: true, goog:chromeOptions: {debuggerAddress: localhost:60833}, networkConnectionEnabled: false, pageLoadStrategy: normal, platformName: windows, proxy: Proxy(), se:cdp: ws://localhost:60833/devtoo..., se:cdpVersion: 131.0.6778.205, setWindowRect: true, strictFileInteractability: false, timeouts: {implicit: 0, pageLoad: 300000, script: 30000}, unhandledPromptBehavior: dismiss and notify, webauthn:extension:credBlob: true, webauthn:extension:largeBlob: true, webauthn:extension:minPinLength: true, webauthn:extension:prf: true, webauthn:virtualAuthenticators: true}\nSession ID: f3b3efecbc1d6832fa5017836dcd82d7\r\n\tat org.openqa.selenium.support.ui.WebDriverWait.timeoutException(WebDriverWait.java:84)\r\n\tat org.openqa.selenium.support.ui.FluentWait.until(FluentWait.java:228)\r\n\tat utils.MethodHandles.explicitWait(MethodHandles.java:32)\r\n\tat utils.MethodHandles.click(MethodHandles.java:51)\r\n\tat pages.HomePage.selectAndClickAProduct(HomePage.java:55)\r\n\tat addProductsToCompareList.AddProductsToCompareListTest.testAddTwoProductsToCompareList(AddProductsToCompareListTest.java:62)\r\n\tat java.base/jdk.internal.reflect.DirectMethodHandleAccessor.invoke(DirectMethodHandleAccessor.java:103)\r\n\tat java.base/java.lang.reflect.Method.invoke(Method.java:580)\r\n\tat org.testng.internal.invokers.MethodInvocationHelper.invokeMethod(MethodInvocationHelper.java:141)\r\n\tat org.testng.internal.invokers.TestInvoker.invokeMethod(TestInvoker.java:686)\r\n\tat org.testng.internal.invokers.TestInvoker.invokeTestMethod(TestInvoker.java:230)\r\n\tat org.testng.internal.invokers.MethodRunner.runInSequence(MethodRunner.java:63)\r\n\tat org.testng.internal.invokers.TestInvoker$MethodInvocationAgent.invoke(TestInvoker.java:992)\r\n\tat org.testng.internal.invokers.TestInvoker.invokeTestMethods(TestInvoker.java:203)\r\n\tat org.testng.internal.invokers.TestMethodWorker.invokeTestMethods(TestMethodWorker.java:154)\r\n\tat org.testng.internal.invokers.TestMethodWorker.run(TestMethodWorker.java:134)\r\n\tat java.base/java.util.ArrayList.forEach(ArrayList.java:1596)\r\n\tat org.testng.TestRunner.privateRun(TestRunner.java:739)\r\n\tat org.testng.TestRunner.run(TestRunner.java:614)\r\n\tat org.testng.SuiteRunner.runTest(SuiteRunner.java:421)\r\n\tat org.testng.SuiteRunner.runSequentially(SuiteRunner.java:413)\r\n\tat org.testng.SuiteRunner.privateRun(SuiteRunner.java:373)\r\n\tat org.testng.SuiteRunner.run(SuiteRunner.java:312)\r\n\tat org.testng.SuiteRunnerWorker.runSuite(SuiteRunnerWorker.java:52)\r\n\tat org.testng.SuiteRunnerWorker.run(SuiteRunnerWorker.java:95)\r\n\tat org.testng.TestNG.runSuitesSequentially(TestNG.java:1274)\r\n\tat org.testng.TestNG.runSuitesLocally(TestNG.java:1208)\r\n\tat org.testng.TestNG.runSuites(TestNG.java:1112)\r\n\tat org.testng.TestNG.run(TestNG.java:1079)\r\n\tat com.intellij.rt.testng.IDEARemoteTestNG.run(IDEARemoteTestNG.java:65)\r\n\tat com.intellij.rt.testng.RemoteTestNGStarter.main(RemoteTestNGStarter.java:105)\r\n"},"stage":"finished","steps":[],"attachments":[],"parameters":[],"start":1737824534769,"stop":1737824543924}],"attachments":[],"parameters":[],"start":1737824525846,"stop":1737824543931}