{"uuid":"94ee4a04-afa4-4080-8071-0cf3e0d676cf","historyId":"89519f89889049325b3b8ffa7dda124f","fullName":"AddProductsToCompareList.AddProductsToCompareListTest.testCreateAnAccountWithValidData","labels":[{"name":"package","value":"AddProductsToCompareList.AddProductsToCompareListTest"},{"name":"testClass","value":"AddProductsToCompareList.AddProductsToCompareListTest"},{"name":"testMethod","value":"testCreateAnAccountWithValidData"},{"name":"parentSuite","value":"Default Suite"},{"name":"suite","value":"Magento-Automation-Project"},{"name":"subSuite","value":"AddProductsToCompareList.AddProductsToCompareListTest"},{"name":"host","value":"DESKTOP-3VRMRA4"},{"name":"thread","value":"7508@DESKTOP-3VRMRA4.main(1)"},{"name":"framework","value":"testng"},{"name":"language","value":"java"}],"links":[],"name":"testCreateAnAccountWithValidData","status":"broken","statusDetails":{"known":false,"muted":false,"flaky":false,"message":"Expected condition failed: waiting for all conditions to be valid: visibility of [[ChromeDriver: chrome on windows (107be71213bea3aca0d972beb19f9e2e)] -> css selector: body > div:nth-child(5) > main:nth-child(3) > div:nth-child(4) > div:nth-child(1) > div:nth-child(5) > div:nth-child(6) > div:nth-child(1) > div:nth-child(1) > ol:nth-child(1) > li:nth-child(1) > div:nth-child(1) > div:nth-child(2) > div:nth-child(5) > div:nth-child(1) > div:nth-child(2) > a:nth-child(2)] && visibility of element located by By.cssSelector: body > div:nth-child(5) > main:nth-child(3) > div:nth-child(4) > div:nth-child(1) > div:nth-child(5) > div:nth-child(6) > div:nth-child(1) > div:nth-child(1) > ol:nth-child(1) > li:nth-child(1) > div:nth-child(1) > div:nth-child(2) > div:nth-child(5) > div:nth-child(1) > div:nth-child(2) > a:nth-child(2) && presence of element located by: By.cssSelector: body > div:nth-child(5) > main:nth-child(3) > div:nth-child(4) > div:nth-child(1) > div:nth-child(5) > div:nth-child(6) > div:nth-child(1) > div:nth-child(1) > ol:nth-child(1) > li:nth-child(1) > div:nth-child(1) > div:nth-child(2) > div:nth-child(5) > div:nth-child(1) > div:nth-child(2) > a:nth-child(2) && element to be clickable: By.cssSelector: body > div:nth-child(5) > main:nth-child(3) > div:nth-child(4) > div:nth-child(1) > div:nth-child(5) > div:nth-child(6) > div:nth-child(1) > div:nth-child(1) > ol:nth-child(1) > li:nth-child(1) > div:nth-child(1) > div:nth-child(2) > div:nth-child(5) > div:nth-child(1) > div:nth-child(2) > a:nth-child(2) (tried for 3 second(s) with 500 milliseconds interval)\nBuild info: version: '4.27.0', revision: 'd6e718d134'\nSystem info: os.name: 'Windows 10', os.arch: 'amd64', os.version: '10.0', java.version: '21.0.5'\nDriver info: org.openqa.selenium.chrome.ChromeDriver\nCapabilities {acceptInsecureCerts: false, browserName: chrome, browserVersion: 131.0.6778.205, chrome: {chromedriverVersion: 131.0.6778.264 (2d05e315153..., userDataDir: C:\\Users\\COMPUC~1\\AppData\\L...}, fedcm:accounts: true, goog:chromeOptions: {debuggerAddress: localhost:61761}, networkConnectionEnabled: false, pageLoadStrategy: normal, platformName: windows, proxy: Proxy(), se:cdp: ws://localhost:61761/devtoo..., se:cdpVersion: 131.0.6778.205, setWindowRect: true, strictFileInteractability: false, timeouts: {implicit: 0, pageLoad: 300000, script: 30000}, unhandledPromptBehavior: dismiss and notify, webauthn:extension:credBlob: true, webauthn:extension:largeBlob: true, webauthn:extension:minPinLength: true, webauthn:extension:prf: true, webauthn:virtualAuthenticators: true}\nSession ID: 107be71213bea3aca0d972beb19f9e2e","trace":"org.openqa.selenium.TimeoutException: Expected condition failed: waiting for all conditions to be valid: visibility of [[ChromeDriver: chrome on windows (107be71213bea3aca0d972beb19f9e2e)] -> css selector: body > div:nth-child(5) > main:nth-child(3) > div:nth-child(4) > div:nth-child(1) > div:nth-child(5) > div:nth-child(6) > div:nth-child(1) > div:nth-child(1) > ol:nth-child(1) > li:nth-child(1) > div:nth-child(1) > div:nth-child(2) > div:nth-child(5) > div:nth-child(1) > div:nth-child(2) > a:nth-child(2)] && visibility of element located by By.cssSelector: body > div:nth-child(5) > main:nth-child(3) > div:nth-child(4) > div:nth-child(1) > div:nth-child(5) > div:nth-child(6) > div:nth-child(1) > div:nth-child(1) > ol:nth-child(1) > li:nth-child(1) > div:nth-child(1) > div:nth-child(2) > div:nth-child(5) > div:nth-child(1) > div:nth-child(2) > a:nth-child(2) && presence of element located by: By.cssSelector: body > div:nth-child(5) > main:nth-child(3) > div:nth-child(4) > div:nth-child(1) > div:nth-child(5) > div:nth-child(6) > div:nth-child(1) > div:nth-child(1) > ol:nth-child(1) > li:nth-child(1) > div:nth-child(1) > div:nth-child(2) > div:nth-child(5) > div:nth-child(1) > div:nth-child(2) > a:nth-child(2) && element to be clickable: By.cssSelector: body > div:nth-child(5) > main:nth-child(3) > div:nth-child(4) > div:nth-child(1) > div:nth-child(5) > div:nth-child(6) > div:nth-child(1) > div:nth-child(1) > ol:nth-child(1) > li:nth-child(1) > div:nth-child(1) > div:nth-child(2) > div:nth-child(5) > div:nth-child(1) > div:nth-child(2) > a:nth-child(2) (tried for 3 second(s) with 500 milliseconds interval)\nBuild info: version: '4.27.0', revision: 'd6e718d134'\nSystem info: os.name: 'Windows 10', os.arch: 'amd64', os.version: '10.0', java.version: '21.0.5'\nDriver info: org.openqa.selenium.chrome.ChromeDriver\nCapabilities {acceptInsecureCerts: false, browserName: chrome, browserVersion: 131.0.6778.205, chrome: {chromedriverVersion: 131.0.6778.264 (2d05e315153..., userDataDir: C:\\Users\\COMPUC~1\\AppData\\L...}, fedcm:accounts: true, goog:chromeOptions: {debuggerAddress: localhost:61761}, networkConnectionEnabled: false, pageLoadStrategy: normal, platformName: windows, proxy: Proxy(), se:cdp: ws://localhost:61761/devtoo..., se:cdpVersion: 131.0.6778.205, setWindowRect: true, strictFileInteractability: false, timeouts: {implicit: 0, pageLoad: 300000, script: 30000}, unhandledPromptBehavior: dismiss and notify, webauthn:extension:credBlob: true, webauthn:extension:largeBlob: true, webauthn:extension:minPinLength: true, webauthn:extension:prf: true, webauthn:virtualAuthenticators: true}\nSession ID: 107be71213bea3aca0d972beb19f9e2e\r\n\tat org.openqa.selenium.support.ui.WebDriverWait.timeoutException(WebDriverWait.java:84)\r\n\tat org.openqa.selenium.support.ui.FluentWait.until(FluentWait.java:228)\r\n\tat utils.MethodHandles.explicitWait(MethodHandles.java:32)\r\n\tat utils.MethodHandles.click(MethodHandles.java:51)\r\n\tat pages.HomePage.selectAndClickAProduct(HomePage.java:53)\r\n\tat AddProductsToCompareList.AddProductsToCompareListTest.testCreateAnAccountWithValidData(AddProductsToCompareListTest.java:60)\r\n\tat java.base/jdk.internal.reflect.DirectMethodHandleAccessor.invoke(DirectMethodHandleAccessor.java:103)\r\n\tat java.base/java.lang.reflect.Method.invoke(Method.java:580)\r\n\tat org.testng.internal.invokers.MethodInvocationHelper.invokeMethod(MethodInvocationHelper.java:141)\r\n\tat org.testng.internal.invokers.TestInvoker.invokeMethod(TestInvoker.java:686)\r\n\tat org.testng.internal.invokers.TestInvoker.invokeTestMethod(TestInvoker.java:230)\r\n\tat org.testng.internal.invokers.MethodRunner.runInSequence(MethodRunner.java:63)\r\n\tat org.testng.internal.invokers.TestInvoker$MethodInvocationAgent.invoke(TestInvoker.java:992)\r\n\tat org.testng.internal.invokers.TestInvoker.invokeTestMethods(TestInvoker.java:203)\r\n\tat org.testng.internal.invokers.TestMethodWorker.invokeTestMethods(TestMethodWorker.java:154)\r\n\tat org.testng.internal.invokers.TestMethodWorker.run(TestMethodWorker.java:134)\r\n\tat java.base/java.util.ArrayList.forEach(ArrayList.java:1596)\r\n\tat org.testng.TestRunner.privateRun(TestRunner.java:739)\r\n\tat org.testng.TestRunner.run(TestRunner.java:614)\r\n\tat org.testng.SuiteRunner.runTest(SuiteRunner.java:421)\r\n\tat org.testng.SuiteRunner.runSequentially(SuiteRunner.java:413)\r\n\tat org.testng.SuiteRunner.privateRun(SuiteRunner.java:373)\r\n\tat org.testng.SuiteRunner.run(SuiteRunner.java:312)\r\n\tat org.testng.SuiteRunnerWorker.runSuite(SuiteRunnerWorker.java:52)\r\n\tat org.testng.SuiteRunnerWorker.run(SuiteRunnerWorker.java:95)\r\n\tat org.testng.TestNG.runSuitesSequentially(TestNG.java:1274)\r\n\tat org.testng.TestNG.runSuitesLocally(TestNG.java:1208)\r\n\tat org.testng.TestNG.runSuites(TestNG.java:1112)\r\n\tat org.testng.TestNG.run(TestNG.java:1079)\r\n\tat com.intellij.rt.testng.IDEARemoteTestNG.run(IDEARemoteTestNG.java:65)\r\n\tat com.intellij.rt.testng.RemoteTestNGStarter.main(RemoteTestNGStarter.java:105)\r\n"},"stage":"finished","steps":[{"name":"Click On Create Account Link Page","status":"passed","stage":"finished","steps":[],"attachments":[],"parameters":[],"start":1737760921451,"stop":1737760924131},{"name":"insert Create Account First Name","status":"passed","stage":"finished","steps":[],"attachments":[],"parameters":[{"name":"accountFirstNameField","value":"ebrahimo1"}],"start":1737760924449,"stop":1737760924804},{"name":"insert Create Account Last Name","status":"passed","stage":"finished","steps":[],"attachments":[],"parameters":[{"name":"accountLastNameField","value":"testing25"}],"start":1737760924809,"stop":1737760925053},{"name":"insert Create Account Email Address","status":"passed","stage":"finished","steps":[],"attachments":[],"parameters":[{"name":"accountEmailField","value":"ibra1.automation12@gmail.com"}],"start":1737760925055,"stop":1737760925324},{"name":"insert Create Account Password","status":"passed","stage":"finished","steps":[],"attachments":[],"parameters":[{"name":"accountPasswordField","value":"AutomationTestNew@1234567"}],"start":1737760925325,"stop":1737760925611},{"name":"insert Create Account Confirm Password","status":"passed","stage":"finished","steps":[],"attachments":[],"parameters":[{"name":"accountConfirmPasswordField","value":"AutomationTestNew@1234567"}],"start":1737760925613,"stop":1737760925862},{"name":"Click On Create Account Button","status":"passed","stage":"finished","steps":[],"attachments":[],"parameters":[],"start":1737760925862,"stop":1737760929115},{"name":"Get Register Success Message","status":"passed","stage":"finished","steps":[],"attachments":[],"parameters":[],"start":1737760929126,"stop":1737760929901},{"name":"Click On Brand Logo In My Account To Go Home Page","status":"passed","stage":"finished","steps":[],"attachments":[],"parameters":[],"start":1737760929908,"stop":1737760972650},{"name":"getHotSellersTitle","status":"passed","stage":"finished","steps":[],"attachments":[],"parameters":[],"start":1737760972650,"stop":1737760972918},{"name":"listOfHotelSellersIsDisplay","status":"passed","stage":"finished","steps":[],"attachments":[],"parameters":[],"start":1737760972918,"stop":1737760973040},{"name":"selectAndClickAProduct","status":"broken","statusDetails":{"known":false,"muted":false,"flaky":false,"message":"Expected condition failed: waiting for all conditions to be valid: visibility of [[ChromeDriver: chrome on windows (107be71213bea3aca0d972beb19f9e2e)] -> css selector: body > div:nth-child(5) > main:nth-child(3) > div:nth-child(4) > div:nth-child(1) > div:nth-child(5) > div:nth-child(6) > div:nth-child(1) > div:nth-child(1) > ol:nth-child(1) > li:nth-child(1) > div:nth-child(1) > div:nth-child(2) > div:nth-child(5) > div:nth-child(1) > div:nth-child(2) > a:nth-child(2)] && visibility of element located by By.cssSelector: body > div:nth-child(5) > main:nth-child(3) > div:nth-child(4) > div:nth-child(1) > div:nth-child(5) > div:nth-child(6) > div:nth-child(1) > div:nth-child(1) > ol:nth-child(1) > li:nth-child(1) > div:nth-child(1) > div:nth-child(2) > div:nth-child(5) > div:nth-child(1) > div:nth-child(2) > a:nth-child(2) && presence of element located by: By.cssSelector: body > div:nth-child(5) > main:nth-child(3) > div:nth-child(4) > div:nth-child(1) > div:nth-child(5) > div:nth-child(6) > div:nth-child(1) > div:nth-child(1) > ol:nth-child(1) > li:nth-child(1) > div:nth-child(1) > div:nth-child(2) > div:nth-child(5) > div:nth-child(1) > div:nth-child(2) > a:nth-child(2) && element to be clickable: By.cssSelector: body > div:nth-child(5) > main:nth-child(3) > div:nth-child(4) > div:nth-child(1) > div:nth-child(5) > div:nth-child(6) > div:nth-child(1) > div:nth-child(1) > ol:nth-child(1) > li:nth-child(1) > div:nth-child(1) > div:nth-child(2) > div:nth-child(5) > div:nth-child(1) > div:nth-child(2) > a:nth-child(2) (tried for 3 second(s) with 500 milliseconds interval)\nBuild info: version: '4.27.0', revision: 'd6e718d134'\nSystem info: os.name: 'Windows 10', os.arch: 'amd64', os.version: '10.0', java.version: '21.0.5'\nDriver info: org.openqa.selenium.chrome.ChromeDriver\nCapabilities {acceptInsecureCerts: false, browserName: chrome, browserVersion: 131.0.6778.205, chrome: {chromedriverVersion: 131.0.6778.264 (2d05e315153..., userDataDir: C:\\Users\\COMPUC~1\\AppData\\L...}, fedcm:accounts: true, goog:chromeOptions: {debuggerAddress: localhost:61761}, networkConnectionEnabled: false, pageLoadStrategy: normal, platformName: windows, proxy: Proxy(), se:cdp: ws://localhost:61761/devtoo..., se:cdpVersion: 131.0.6778.205, setWindowRect: true, strictFileInteractability: false, timeouts: {implicit: 0, pageLoad: 300000, script: 30000}, unhandledPromptBehavior: dismiss and notify, webauthn:extension:credBlob: true, webauthn:extension:largeBlob: true, webauthn:extension:minPinLength: true, webauthn:extension:prf: true, webauthn:virtualAuthenticators: true}\nSession ID: 107be71213bea3aca0d972beb19f9e2e","trace":"org.openqa.selenium.TimeoutException: Expected condition failed: waiting for all conditions to be valid: visibility of [[ChromeDriver: chrome on windows (107be71213bea3aca0d972beb19f9e2e)] -> css selector: body > div:nth-child(5) > main:nth-child(3) > div:nth-child(4) > div:nth-child(1) > div:nth-child(5) > div:nth-child(6) > div:nth-child(1) > div:nth-child(1) > ol:nth-child(1) > li:nth-child(1) > div:nth-child(1) > div:nth-child(2) > div:nth-child(5) > div:nth-child(1) > div:nth-child(2) > a:nth-child(2)] && visibility of element located by By.cssSelector: body > div:nth-child(5) > main:nth-child(3) > div:nth-child(4) > div:nth-child(1) > div:nth-child(5) > div:nth-child(6) > div:nth-child(1) > div:nth-child(1) > ol:nth-child(1) > li:nth-child(1) > div:nth-child(1) > div:nth-child(2) > div:nth-child(5) > div:nth-child(1) > div:nth-child(2) > a:nth-child(2) && presence of element located by: By.cssSelector: body > div:nth-child(5) > main:nth-child(3) > div:nth-child(4) > div:nth-child(1) > div:nth-child(5) > div:nth-child(6) > div:nth-child(1) > div:nth-child(1) > ol:nth-child(1) > li:nth-child(1) > div:nth-child(1) > div:nth-child(2) > div:nth-child(5) > div:nth-child(1) > div:nth-child(2) > a:nth-child(2) && element to be clickable: By.cssSelector: body > div:nth-child(5) > main:nth-child(3) > div:nth-child(4) > div:nth-child(1) > div:nth-child(5) > div:nth-child(6) > div:nth-child(1) > div:nth-child(1) > ol:nth-child(1) > li:nth-child(1) > div:nth-child(1) > div:nth-child(2) > div:nth-child(5) > div:nth-child(1) > div:nth-child(2) > a:nth-child(2) (tried for 3 second(s) with 500 milliseconds interval)\nBuild info: version: '4.27.0', revision: 'd6e718d134'\nSystem info: os.name: 'Windows 10', os.arch: 'amd64', os.version: '10.0', java.version: '21.0.5'\nDriver info: org.openqa.selenium.chrome.ChromeDriver\nCapabilities {acceptInsecureCerts: false, browserName: chrome, browserVersion: 131.0.6778.205, chrome: {chromedriverVersion: 131.0.6778.264 (2d05e315153..., userDataDir: C:\\Users\\COMPUC~1\\AppData\\L...}, fedcm:accounts: true, goog:chromeOptions: {debuggerAddress: localhost:61761}, networkConnectionEnabled: false, pageLoadStrategy: normal, platformName: windows, proxy: Proxy(), se:cdp: ws://localhost:61761/devtoo..., se:cdpVersion: 131.0.6778.205, setWindowRect: true, strictFileInteractability: false, timeouts: {implicit: 0, pageLoad: 300000, script: 30000}, unhandledPromptBehavior: dismiss and notify, webauthn:extension:credBlob: true, webauthn:extension:largeBlob: true, webauthn:extension:minPinLength: true, webauthn:extension:prf: true, webauthn:virtualAuthenticators: true}\nSession ID: 107be71213bea3aca0d972beb19f9e2e\r\n\tat org.openqa.selenium.support.ui.WebDriverWait.timeoutException(WebDriverWait.java:84)\r\n\tat org.openqa.selenium.support.ui.FluentWait.until(FluentWait.java:228)\r\n\tat utils.MethodHandles.explicitWait(MethodHandles.java:32)\r\n\tat utils.MethodHandles.click(MethodHandles.java:51)\r\n\tat pages.HomePage.selectAndClickAProduct(HomePage.java:53)\r\n\tat AddProductsToCompareList.AddProductsToCompareListTest.testCreateAnAccountWithValidData(AddProductsToCompareListTest.java:60)\r\n\tat java.base/jdk.internal.reflect.DirectMethodHandleAccessor.invoke(DirectMethodHandleAccessor.java:103)\r\n\tat java.base/java.lang.reflect.Method.invoke(Method.java:580)\r\n\tat org.testng.internal.invokers.MethodInvocationHelper.invokeMethod(MethodInvocationHelper.java:141)\r\n\tat org.testng.internal.invokers.TestInvoker.invokeMethod(TestInvoker.java:686)\r\n\tat org.testng.internal.invokers.TestInvoker.invokeTestMethod(TestInvoker.java:230)\r\n\tat org.testng.internal.invokers.MethodRunner.runInSequence(MethodRunner.java:63)\r\n\tat org.testng.internal.invokers.TestInvoker$MethodInvocationAgent.invoke(TestInvoker.java:992)\r\n\tat org.testng.internal.invokers.TestInvoker.invokeTestMethods(TestInvoker.java:203)\r\n\tat org.testng.internal.invokers.TestMethodWorker.invokeTestMethods(TestMethodWorker.java:154)\r\n\tat org.testng.internal.invokers.TestMethodWorker.run(TestMethodWorker.java:134)\r\n\tat java.base/java.util.ArrayList.forEach(ArrayList.java:1596)\r\n\tat org.testng.TestRunner.privateRun(TestRunner.java:739)\r\n\tat org.testng.TestRunner.run(TestRunner.java:614)\r\n\tat org.testng.SuiteRunner.runTest(SuiteRunner.java:421)\r\n\tat org.testng.SuiteRunner.runSequentially(SuiteRunner.java:413)\r\n\tat org.testng.SuiteRunner.privateRun(SuiteRunner.java:373)\r\n\tat org.testng.SuiteRunner.run(SuiteRunner.java:312)\r\n\tat org.testng.SuiteRunnerWorker.runSuite(SuiteRunnerWorker.java:52)\r\n\tat org.testng.SuiteRunnerWorker.run(SuiteRunnerWorker.java:95)\r\n\tat org.testng.TestNG.runSuitesSequentially(TestNG.java:1274)\r\n\tat org.testng.TestNG.runSuitesLocally(TestNG.java:1208)\r\n\tat org.testng.TestNG.runSuites(TestNG.java:1112)\r\n\tat org.testng.TestNG.run(TestNG.java:1079)\r\n\tat com.intellij.rt.testng.IDEARemoteTestNG.run(IDEARemoteTestNG.java:65)\r\n\tat com.intellij.rt.testng.RemoteTestNGStarter.main(RemoteTestNGStarter.java:105)\r\n"},"stage":"finished","steps":[],"attachments":[],"parameters":[],"start":1737760973040,"stop":1737760976225}],"attachments":[],"parameters":[],"start":1737760921274,"stop":1737760976232}