{"uuid":"b026f4f7-1709-4673-b772-82effa1fe5a5","historyId":"c72e090e403d4f13f205dd63cdebd028","fullName":"addProductsToCompareList.AddProductsToCompareListTest.testAddTwoProductsToCompareList","labels":[{"name":"package","value":"addProductsToCompareList.AddProductsToCompareListTest"},{"name":"testClass","value":"addProductsToCompareList.AddProductsToCompareListTest"},{"name":"testMethod","value":"testAddTwoProductsToCompareList"},{"name":"parentSuite","value":"Default Suite"},{"name":"suite","value":"Magento-Automation-Project"},{"name":"subSuite","value":"addProductsToCompareList.AddProductsToCompareListTest"},{"name":"host","value":"DESKTOP-3VRMRA4"},{"name":"thread","value":"14644@DESKTOP-3VRMRA4.main(1)"},{"name":"framework","value":"testng"},{"name":"language","value":"java"}],"links":[],"name":"testAddTwoProductsToCompareList","status":"broken","statusDetails":{"known":false,"muted":false,"flaky":false,"message":"Expected condition failed: waiting for all conditions to be valid: visibility of [[ChromeDriver: chrome on windows (bb5fcfbc1027d496eb89c6887ddcd3cf)] -> css selector: .action.tocompare] && visibility of element located by By.cssSelector: .action.tocompare && presence of element located by: By.cssSelector: .action.tocompare && element to be clickable: By.cssSelector: .action.tocompare (tried for 9 second(s) with 500 milliseconds interval)\nBuild info: version: '4.27.0', revision: 'd6e718d134'\nSystem info: os.name: 'Windows 10', os.arch: 'amd64', os.version: '10.0', java.version: '21.0.5'\nDriver info: org.openqa.selenium.chrome.ChromeDriver\nCapabilities {acceptInsecureCerts: false, browserName: chrome, browserVersion: 131.0.6778.205, chrome: {chromedriverVersion: 131.0.6778.264 (2d05e315153..., userDataDir: C:\\Users\\COMPUC~1\\AppData\\L...}, fedcm:accounts: true, goog:chromeOptions: {debuggerAddress: localhost:59094}, networkConnectionEnabled: false, pageLoadStrategy: normal, platformName: windows, proxy: Proxy(), se:cdp: ws://localhost:59094/devtoo..., se:cdpVersion: 131.0.6778.205, setWindowRect: true, strictFileInteractability: false, timeouts: {implicit: 0, pageLoad: 300000, script: 30000}, unhandledPromptBehavior: dismiss and notify, webauthn:extension:credBlob: true, webauthn:extension:largeBlob: true, webauthn:extension:minPinLength: true, webauthn:extension:prf: true, webauthn:virtualAuthenticators: true}\nSession ID: bb5fcfbc1027d496eb89c6887ddcd3cf","trace":"org.openqa.selenium.TimeoutException: Expected condition failed: waiting for all conditions to be valid: visibility of [[ChromeDriver: chrome on windows (bb5fcfbc1027d496eb89c6887ddcd3cf)] -> css selector: .action.tocompare] && visibility of element located by By.cssSelector: .action.tocompare && presence of element located by: By.cssSelector: .action.tocompare && element to be clickable: By.cssSelector: .action.tocompare (tried for 9 second(s) with 500 milliseconds interval)\nBuild info: version: '4.27.0', revision: 'd6e718d134'\nSystem info: os.name: 'Windows 10', os.arch: 'amd64', os.version: '10.0', java.version: '21.0.5'\nDriver info: org.openqa.selenium.chrome.ChromeDriver\nCapabilities {acceptInsecureCerts: false, browserName: chrome, browserVersion: 131.0.6778.205, chrome: {chromedriverVersion: 131.0.6778.264 (2d05e315153..., userDataDir: C:\\Users\\COMPUC~1\\AppData\\L...}, fedcm:accounts: true, goog:chromeOptions: {debuggerAddress: localhost:59094}, networkConnectionEnabled: false, pageLoadStrategy: normal, platformName: windows, proxy: Proxy(), se:cdp: ws://localhost:59094/devtoo..., se:cdpVersion: 131.0.6778.205, setWindowRect: true, strictFileInteractability: false, timeouts: {implicit: 0, pageLoad: 300000, script: 30000}, unhandledPromptBehavior: dismiss and notify, webauthn:extension:credBlob: true, webauthn:extension:largeBlob: true, webauthn:extension:minPinLength: true, webauthn:extension:prf: true, webauthn:virtualAuthenticators: true}\nSession ID: bb5fcfbc1027d496eb89c6887ddcd3cf\r\n\tat org.openqa.selenium.support.ui.WebDriverWait.timeoutException(WebDriverWait.java:84)\r\n\tat org.openqa.selenium.support.ui.FluentWait.until(FluentWait.java:228)\r\n\tat utils.MethodHandles.explicitWait(MethodHandles.java:32)\r\n\tat utils.MethodHandles.click(MethodHandles.java:51)\r\n\tat pages.HomePage.selectAndClickAProduct(HomePage.java:55)\r\n\tat addProductsToCompareList.AddProductsToCompareListTest.testAddTwoProductsToCompareList(AddProductsToCompareListTest.java:62)\r\n\tat java.base/jdk.internal.reflect.DirectMethodHandleAccessor.invoke(DirectMethodHandleAccessor.java:103)\r\n\tat java.base/java.lang.reflect.Method.invoke(Method.java:580)\r\n\tat org.testng.internal.invokers.MethodInvocationHelper.invokeMethod(MethodInvocationHelper.java:141)\r\n\tat org.testng.internal.invokers.TestInvoker.invokeMethod(TestInvoker.java:686)\r\n\tat org.testng.internal.invokers.TestInvoker.invokeTestMethod(TestInvoker.java:230)\r\n\tat org.testng.internal.invokers.MethodRunner.runInSequence(MethodRunner.java:63)\r\n\tat org.testng.internal.invokers.TestInvoker$MethodInvocationAgent.invoke(TestInvoker.java:992)\r\n\tat org.testng.internal.invokers.TestInvoker.invokeTestMethods(TestInvoker.java:203)\r\n\tat org.testng.internal.invokers.TestMethodWorker.invokeTestMethods(TestMethodWorker.java:154)\r\n\tat org.testng.internal.invokers.TestMethodWorker.run(TestMethodWorker.java:134)\r\n\tat java.base/java.util.ArrayList.forEach(ArrayList.java:1596)\r\n\tat org.testng.TestRunner.privateRun(TestRunner.java:739)\r\n\tat org.testng.TestRunner.run(TestRunner.java:614)\r\n\tat org.testng.SuiteRunner.runTest(SuiteRunner.java:421)\r\n\tat org.testng.SuiteRunner.runSequentially(SuiteRunner.java:413)\r\n\tat org.testng.SuiteRunner.privateRun(SuiteRunner.java:373)\r\n\tat org.testng.SuiteRunner.run(SuiteRunner.java:312)\r\n\tat org.testng.SuiteRunnerWorker.runSuite(SuiteRunnerWorker.java:52)\r\n\tat org.testng.SuiteRunnerWorker.run(SuiteRunnerWorker.java:95)\r\n\tat org.testng.TestNG.runSuitesSequentially(TestNG.java:1274)\r\n\tat org.testng.TestNG.runSuitesLocally(TestNG.java:1208)\r\n\tat org.testng.TestNG.runSuites(TestNG.java:1112)\r\n\tat org.testng.TestNG.run(TestNG.java:1079)\r\n\tat com.intellij.rt.testng.IDEARemoteTestNG.run(IDEARemoteTestNG.java:65)\r\n\tat com.intellij.rt.testng.RemoteTestNGStarter.main(RemoteTestNGStarter.java:105)\r\n"},"stage":"finished","steps":[{"name":"Click On Create Account Link Page","status":"passed","stage":"finished","steps":[],"attachments":[],"parameters":[],"start":1737823805184,"stop":1737823808590},{"name":"insert Create Account First Name","status":"passed","stage":"finished","steps":[],"attachments":[],"parameters":[{"name":"accountFirstNameField","value":"ebrah200"}],"start":1737823808839,"stop":1737823809099},{"name":"insert Create Account Last Name","status":"passed","stage":"finished","steps":[],"attachments":[],"parameters":[{"name":"accountLastNameField","value":"testing200"}],"start":1737823809102,"stop":1737823809320},{"name":"insert Create Account Email Address","status":"passed","stage":"finished","steps":[],"attachments":[],"parameters":[{"name":"accountEmailField","value":"Kadab200.tp@gmail.com"}],"start":1737823809324,"stop":1737823809550},{"name":"insert Create Account Password","status":"passed","stage":"finished","steps":[],"attachments":[],"parameters":[{"name":"accountPasswordField","value":"Kadabr@200200200"}],"start":1737823809552,"stop":1737823809783},{"name":"insert Create Account Confirm Password","status":"passed","stage":"finished","steps":[],"attachments":[],"parameters":[{"name":"accountConfirmPasswordField","value":"Kadabr@200200200"}],"start":1737823809785,"stop":1737823809979},{"name":"Click On Create Account Button","status":"passed","stage":"finished","steps":[],"attachments":[],"parameters":[],"start":1737823809979,"stop":1737823814815},{"name":"Get Register Success Message","status":"passed","stage":"finished","steps":[],"attachments":[],"parameters":[],"start":1737823814835,"stop":1737823815000},{"name":"Click On Brand Logo In My Account To Go Home Page","status":"passed","stage":"finished","steps":[],"attachments":[],"parameters":[],"start":1737823815008,"stop":1737823818146},{"name":"getHotSellersTitle","status":"passed","stage":"finished","steps":[],"attachments":[],"parameters":[],"start":1737823818148,"stop":1737823818467},{"name":"listOfHotelSellersIsDisplay","status":"passed","stage":"finished","steps":[],"attachments":[],"parameters":[],"start":1737823818468,"stop":1737823818614},{"name":"selectAndClickAProduct","status":"broken","statusDetails":{"known":false,"muted":false,"flaky":false,"message":"Expected condition failed: waiting for all conditions to be valid: visibility of [[ChromeDriver: chrome on windows (bb5fcfbc1027d496eb89c6887ddcd3cf)] -> css selector: .action.tocompare] && visibility of element located by By.cssSelector: .action.tocompare && presence of element located by: By.cssSelector: .action.tocompare && element to be clickable: By.cssSelector: .action.tocompare (tried for 9 second(s) with 500 milliseconds interval)\nBuild info: version: '4.27.0', revision: 'd6e718d134'\nSystem info: os.name: 'Windows 10', os.arch: 'amd64', os.version: '10.0', java.version: '21.0.5'\nDriver info: org.openqa.selenium.chrome.ChromeDriver\nCapabilities {acceptInsecureCerts: false, browserName: chrome, browserVersion: 131.0.6778.205, chrome: {chromedriverVersion: 131.0.6778.264 (2d05e315153..., userDataDir: C:\\Users\\COMPUC~1\\AppData\\L...}, fedcm:accounts: true, goog:chromeOptions: {debuggerAddress: localhost:59094}, networkConnectionEnabled: false, pageLoadStrategy: normal, platformName: windows, proxy: Proxy(), se:cdp: ws://localhost:59094/devtoo..., se:cdpVersion: 131.0.6778.205, setWindowRect: true, strictFileInteractability: false, timeouts: {implicit: 0, pageLoad: 300000, script: 30000}, unhandledPromptBehavior: dismiss and notify, webauthn:extension:credBlob: true, webauthn:extension:largeBlob: true, webauthn:extension:minPinLength: true, webauthn:extension:prf: true, webauthn:virtualAuthenticators: true}\nSession ID: bb5fcfbc1027d496eb89c6887ddcd3cf","trace":"org.openqa.selenium.TimeoutException: Expected condition failed: waiting for all conditions to be valid: visibility of [[ChromeDriver: chrome on windows (bb5fcfbc1027d496eb89c6887ddcd3cf)] -> css selector: .action.tocompare] && visibility of element located by By.cssSelector: .action.tocompare && presence of element located by: By.cssSelector: .action.tocompare && element to be clickable: By.cssSelector: .action.tocompare (tried for 9 second(s) with 500 milliseconds interval)\nBuild info: version: '4.27.0', revision: 'd6e718d134'\nSystem info: os.name: 'Windows 10', os.arch: 'amd64', os.version: '10.0', java.version: '21.0.5'\nDriver info: org.openqa.selenium.chrome.ChromeDriver\nCapabilities {acceptInsecureCerts: false, browserName: chrome, browserVersion: 131.0.6778.205, chrome: {chromedriverVersion: 131.0.6778.264 (2d05e315153..., userDataDir: C:\\Users\\COMPUC~1\\AppData\\L...}, fedcm:accounts: true, goog:chromeOptions: {debuggerAddress: localhost:59094}, networkConnectionEnabled: false, pageLoadStrategy: normal, platformName: windows, proxy: Proxy(), se:cdp: ws://localhost:59094/devtoo..., se:cdpVersion: 131.0.6778.205, setWindowRect: true, strictFileInteractability: false, timeouts: {implicit: 0, pageLoad: 300000, script: 30000}, unhandledPromptBehavior: dismiss and notify, webauthn:extension:credBlob: true, webauthn:extension:largeBlob: true, webauthn:extension:minPinLength: true, webauthn:extension:prf: true, webauthn:virtualAuthenticators: true}\nSession ID: bb5fcfbc1027d496eb89c6887ddcd3cf\r\n\tat org.openqa.selenium.support.ui.WebDriverWait.timeoutException(WebDriverWait.java:84)\r\n\tat org.openqa.selenium.support.ui.FluentWait.until(FluentWait.java:228)\r\n\tat utils.MethodHandles.explicitWait(MethodHandles.java:32)\r\n\tat utils.MethodHandles.click(MethodHandles.java:51)\r\n\tat pages.HomePage.selectAndClickAProduct(HomePage.java:55)\r\n\tat addProductsToCompareList.AddProductsToCompareListTest.testAddTwoProductsToCompareList(AddProductsToCompareListTest.java:62)\r\n\tat java.base/jdk.internal.reflect.DirectMethodHandleAccessor.invoke(DirectMethodHandleAccessor.java:103)\r\n\tat java.base/java.lang.reflect.Method.invoke(Method.java:580)\r\n\tat org.testng.internal.invokers.MethodInvocationHelper.invokeMethod(MethodInvocationHelper.java:141)\r\n\tat org.testng.internal.invokers.TestInvoker.invokeMethod(TestInvoker.java:686)\r\n\tat org.testng.internal.invokers.TestInvoker.invokeTestMethod(TestInvoker.java:230)\r\n\tat org.testng.internal.invokers.MethodRunner.runInSequence(MethodRunner.java:63)\r\n\tat org.testng.internal.invokers.TestInvoker$MethodInvocationAgent.invoke(TestInvoker.java:992)\r\n\tat org.testng.internal.invokers.TestInvoker.invokeTestMethods(TestInvoker.java:203)\r\n\tat org.testng.internal.invokers.TestMethodWorker.invokeTestMethods(TestMethodWorker.java:154)\r\n\tat org.testng.internal.invokers.TestMethodWorker.run(TestMethodWorker.java:134)\r\n\tat java.base/java.util.ArrayList.forEach(ArrayList.java:1596)\r\n\tat org.testng.TestRunner.privateRun(TestRunner.java:739)\r\n\tat org.testng.TestRunner.run(TestRunner.java:614)\r\n\tat org.testng.SuiteRunner.runTest(SuiteRunner.java:421)\r\n\tat org.testng.SuiteRunner.runSequentially(SuiteRunner.java:413)\r\n\tat org.testng.SuiteRunner.privateRun(SuiteRunner.java:373)\r\n\tat org.testng.SuiteRunner.run(SuiteRunner.java:312)\r\n\tat org.testng.SuiteRunnerWorker.runSuite(SuiteRunnerWorker.java:52)\r\n\tat org.testng.SuiteRunnerWorker.run(SuiteRunnerWorker.java:95)\r\n\tat org.testng.TestNG.runSuitesSequentially(TestNG.java:1274)\r\n\tat org.testng.TestNG.runSuitesLocally(TestNG.java:1208)\r\n\tat org.testng.TestNG.runSuites(TestNG.java:1112)\r\n\tat org.testng.TestNG.run(TestNG.java:1079)\r\n\tat com.intellij.rt.testng.IDEARemoteTestNG.run(IDEARemoteTestNG.java:65)\r\n\tat com.intellij.rt.testng.RemoteTestNGStarter.main(RemoteTestNGStarter.java:105)\r\n"},"stage":"finished","steps":[],"attachments":[],"parameters":[],"start":1737823818614,"stop":1737823828042}],"attachments":[],"parameters":[],"start":1737823805139,"stop":1737823828050}