{"uuid":"c340a12d-cb79-4c44-b39b-c48d565ad24f","historyId":"c72e090e403d4f13f205dd63cdebd028","fullName":"addProductsToCompareList.AddProductsToCompareListTest.testAddTwoProductsToCompareList","labels":[{"name":"package","value":"addProductsToCompareList.AddProductsToCompareListTest"},{"name":"testClass","value":"addProductsToCompareList.AddProductsToCompareListTest"},{"name":"testMethod","value":"testAddTwoProductsToCompareList"},{"name":"parentSuite","value":"Default Suite"},{"name":"suite","value":"Magento-Automation-Project"},{"name":"subSuite","value":"addProductsToCompareList.AddProductsToCompareListTest"},{"name":"host","value":"DESKTOP-3VRMRA4"},{"name":"thread","value":"10516@DESKTOP-3VRMRA4.main(1)"},{"name":"framework","value":"testng"},{"name":"language","value":"java"}],"links":[],"name":"testAddTwoProductsToCompareList","status":"broken","statusDetails":{"known":false,"muted":false,"flaky":false,"message":"element not interactable\n  (Session info: chrome=131.0.6778.205)\nBuild info: version: '4.27.0', revision: 'd6e718d134'\nSystem info: os.name: 'Windows 10', os.arch: 'amd64', os.version: '10.0', java.version: '21.0.5'\nDriver info: org.openqa.selenium.chrome.ChromeDriver\nCommand: [a80f259f25c291b1a136ad95ec0e22bb, clickElement {id=f.81B698149CBE1458E8A21881B5F91767.d.B97F21D26C0B62461FE1F36AA17D1DA0.e.282}]\nCapabilities {acceptInsecureCerts: false, browserName: chrome, browserVersion: 131.0.6778.205, chrome: {chromedriverVersion: 131.0.6778.264 (2d05e315153..., userDataDir: C:\\Users\\COMPUC~1\\AppData\\L...}, fedcm:accounts: true, goog:chromeOptions: {debuggerAddress: localhost:51176}, networkConnectionEnabled: false, pageLoadStrategy: normal, platformName: windows, proxy: Proxy(), se:cdp: ws://localhost:51176/devtoo..., se:cdpVersion: 131.0.6778.205, setWindowRect: true, strictFileInteractability: false, timeouts: {implicit: 0, pageLoad: 300000, script: 30000}, unhandledPromptBehavior: dismiss and notify, webauthn:extension:credBlob: true, webauthn:extension:largeBlob: true, webauthn:extension:minPinLength: true, webauthn:extension:prf: true, webauthn:virtualAuthenticators: true}\nElement: [[[[ChromeDriver: chrome on windows (a80f259f25c291b1a136ad95ec0e22bb)] -> css selector: .product-item]] -> css selector: .action.tocompare]\nSession ID: a80f259f25c291b1a136ad95ec0e22bb","trace":"org.openqa.selenium.ElementNotInteractableException: element not interactable\n  (Session info: chrome=131.0.6778.205)\nBuild info: version: '4.27.0', revision: 'd6e718d134'\nSystem info: os.name: 'Windows 10', os.arch: 'amd64', os.version: '10.0', java.version: '21.0.5'\nDriver info: org.openqa.selenium.chrome.ChromeDriver\nCommand: [a80f259f25c291b1a136ad95ec0e22bb, clickElement {id=f.81B698149CBE1458E8A21881B5F91767.d.B97F21D26C0B62461FE1F36AA17D1DA0.e.282}]\nCapabilities {acceptInsecureCerts: false, browserName: chrome, browserVersion: 131.0.6778.205, chrome: {chromedriverVersion: 131.0.6778.264 (2d05e315153..., userDataDir: C:\\Users\\COMPUC~1\\AppData\\L...}, fedcm:accounts: true, goog:chromeOptions: {debuggerAddress: localhost:51176}, networkConnectionEnabled: false, pageLoadStrategy: normal, platformName: windows, proxy: Proxy(), se:cdp: ws://localhost:51176/devtoo..., se:cdpVersion: 131.0.6778.205, setWindowRect: true, strictFileInteractability: false, timeouts: {implicit: 0, pageLoad: 300000, script: 30000}, unhandledPromptBehavior: dismiss and notify, webauthn:extension:credBlob: true, webauthn:extension:largeBlob: true, webauthn:extension:minPinLength: true, webauthn:extension:prf: true, webauthn:virtualAuthenticators: true}\nElement: [[[[ChromeDriver: chrome on windows (a80f259f25c291b1a136ad95ec0e22bb)] -> css selector: .product-item]] -> css selector: .action.tocompare]\nSession ID: a80f259f25c291b1a136ad95ec0e22bb\r\n\tat java.base/jdk.internal.reflect.DirectConstructorHandleAccessor.newInstance(DirectConstructorHandleAccessor.java:62)\r\n\tat java.base/java.lang.reflect.Constructor.newInstanceWithCaller(Constructor.java:502)\r\n\tat java.base/java.lang.reflect.Constructor.newInstance(Constructor.java:486)\r\n\tat org.openqa.selenium.remote.ErrorCodec.decode(ErrorCodec.java:167)\r\n\tat org.openqa.selenium.remote.codec.w3c.W3CHttpResponseCodec.decode(W3CHttpResponseCodec.java:138)\r\n\tat org.openqa.selenium.remote.codec.w3c.W3CHttpResponseCodec.decode(W3CHttpResponseCodec.java:50)\r\n\tat org.openqa.selenium.remote.HttpCommandExecutor.execute(HttpCommandExecutor.java:190)\r\n\tat org.openqa.selenium.remote.service.DriverCommandExecutor.invokeExecute(DriverCommandExecutor.java:216)\r\n\tat org.openqa.selenium.remote.service.DriverCommandExecutor.execute(DriverCommandExecutor.java:174)\r\n\tat org.openqa.selenium.remote.RemoteWebDriver.execute(RemoteWebDriver.java:545)\r\n\tat org.openqa.selenium.remote.RemoteWebElement.execute(RemoteWebElement.java:223)\r\n\tat org.openqa.selenium.remote.RemoteWebElement.click(RemoteWebElement.java:76)\r\n\tat pages.HomePage.addTwoProductsToCompareList(HomePage.java:84)\r\n\tat addProductsToCompareList.AddProductsToCompareListTest.testAddTwoProductsToCompareList(AddProductsToCompareListTest.java:62)\r\n\tat java.base/jdk.internal.reflect.DirectMethodHandleAccessor.invoke(DirectMethodHandleAccessor.java:103)\r\n\tat java.base/java.lang.reflect.Method.invoke(Method.java:580)\r\n\tat org.testng.internal.invokers.MethodInvocationHelper.invokeMethod(MethodInvocationHelper.java:141)\r\n\tat org.testng.internal.invokers.TestInvoker.invokeMethod(TestInvoker.java:686)\r\n\tat org.testng.internal.invokers.TestInvoker.invokeTestMethod(TestInvoker.java:230)\r\n\tat org.testng.internal.invokers.MethodRunner.runInSequence(MethodRunner.java:63)\r\n\tat org.testng.internal.invokers.TestInvoker$MethodInvocationAgent.invoke(TestInvoker.java:992)\r\n\tat org.testng.internal.invokers.TestInvoker.invokeTestMethods(TestInvoker.java:203)\r\n\tat org.testng.internal.invokers.TestMethodWorker.invokeTestMethods(TestMethodWorker.java:154)\r\n\tat org.testng.internal.invokers.TestMethodWorker.run(TestMethodWorker.java:134)\r\n\tat java.base/java.util.ArrayList.forEach(ArrayList.java:1596)\r\n\tat org.testng.TestRunner.privateRun(TestRunner.java:739)\r\n\tat org.testng.TestRunner.run(TestRunner.java:614)\r\n\tat org.testng.SuiteRunner.runTest(SuiteRunner.java:421)\r\n\tat org.testng.SuiteRunner.runSequentially(SuiteRunner.java:413)\r\n\tat org.testng.SuiteRunner.privateRun(SuiteRunner.java:373)\r\n\tat org.testng.SuiteRunner.run(SuiteRunner.java:312)\r\n\tat org.testng.SuiteRunnerWorker.runSuite(SuiteRunnerWorker.java:52)\r\n\tat org.testng.SuiteRunnerWorker.run(SuiteRunnerWorker.java:95)\r\n\tat org.testng.TestNG.runSuitesSequentially(TestNG.java:1274)\r\n\tat org.testng.TestNG.runSuitesLocally(TestNG.java:1208)\r\n\tat org.testng.TestNG.runSuites(TestNG.java:1112)\r\n\tat org.testng.TestNG.run(TestNG.java:1079)\r\n\tat com.intellij.rt.testng.IDEARemoteTestNG.run(IDEARemoteTestNG.java:65)\r\n\tat com.intellij.rt.testng.RemoteTestNGStarter.main(RemoteTestNGStarter.java:105)\r\n"},"stage":"finished","steps":[{"name":"Click On Create Account Link Page","status":"passed","stage":"finished","steps":[],"attachments":[],"parameters":[],"start":1737834700919,"stop":1737834703515},{"name":"insert Create Account First Name","status":"passed","stage":"finished","steps":[],"attachments":[],"parameters":[{"name":"accountFirstNameField","value":"ebrah765"}],"start":1737834703976,"stop":1737834704361},{"name":"insert Create Account Last Name","status":"passed","stage":"finished","steps":[],"attachments":[],"parameters":[{"name":"accountLastNameField","value":"testing765"}],"start":1737834704364,"stop":1737834704613},{"name":"insert Create Account Email Address","status":"passed","stage":"finished","steps":[],"attachments":[],"parameters":[{"name":"accountEmailField","value":"Kadab333.td1@gmail.com"}],"start":1737834704616,"stop":1737834704881},{"name":"insert Create Account Password","status":"passed","stage":"finished","steps":[],"attachments":[],"parameters":[{"name":"accountPasswordField","value":"Kadabr@3333333"}],"start":1737834704883,"stop":1737834705221},{"name":"insert Create Account Confirm Password","status":"passed","stage":"finished","steps":[],"attachments":[],"parameters":[{"name":"accountConfirmPasswordField","value":"Kadabr@3333333"}],"start":1737834705223,"stop":1737834705461},{"name":"Click On Create Account Button","status":"passed","stage":"finished","steps":[],"attachments":[],"parameters":[],"start":1737834705462,"stop":1737834708707},{"name":"Get Register Success Message","status":"passed","stage":"finished","steps":[],"attachments":[],"parameters":[],"start":1737834708716,"stop":1737834709066},{"name":"Click On Brand Logo In My Account To Go Home Page","status":"passed","stage":"finished","steps":[],"attachments":[],"parameters":[],"start":1737834709076,"stop":1737834710690},{"name":"getHotSellersTitle","status":"passed","stage":"finished","steps":[],"attachments":[],"parameters":[],"start":1737834710690,"stop":1737834711016},{"name":"listOfHotelSellersIsDisplay","status":"passed","stage":"finished","steps":[],"attachments":[],"parameters":[],"start":1737834711023,"stop":1737834711308},{"name":"addTwoProductsToCompareList","status":"broken","statusDetails":{"known":false,"muted":false,"flaky":false,"message":"element not interactable\n  (Session info: chrome=131.0.6778.205)\nBuild info: version: '4.27.0', revision: 'd6e718d134'\nSystem info: os.name: 'Windows 10', os.arch: 'amd64', os.version: '10.0', java.version: '21.0.5'\nDriver info: org.openqa.selenium.chrome.ChromeDriver\nCommand: [a80f259f25c291b1a136ad95ec0e22bb, clickElement {id=f.81B698149CBE1458E8A21881B5F91767.d.B97F21D26C0B62461FE1F36AA17D1DA0.e.282}]\nCapabilities {acceptInsecureCerts: false, browserName: chrome, browserVersion: 131.0.6778.205, chrome: {chromedriverVersion: 131.0.6778.264 (2d05e315153..., userDataDir: C:\\Users\\COMPUC~1\\AppData\\L...}, fedcm:accounts: true, goog:chromeOptions: {debuggerAddress: localhost:51176}, networkConnectionEnabled: false, pageLoadStrategy: normal, platformName: windows, proxy: Proxy(), se:cdp: ws://localhost:51176/devtoo..., se:cdpVersion: 131.0.6778.205, setWindowRect: true, strictFileInteractability: false, timeouts: {implicit: 0, pageLoad: 300000, script: 30000}, unhandledPromptBehavior: dismiss and notify, webauthn:extension:credBlob: true, webauthn:extension:largeBlob: true, webauthn:extension:minPinLength: true, webauthn:extension:prf: true, webauthn:virtualAuthenticators: true}\nElement: [[[[ChromeDriver: chrome on windows (a80f259f25c291b1a136ad95ec0e22bb)] -> css selector: .product-item]] -> css selector: .action.tocompare]\nSession ID: a80f259f25c291b1a136ad95ec0e22bb","trace":"org.openqa.selenium.ElementNotInteractableException: element not interactable\n  (Session info: chrome=131.0.6778.205)\nBuild info: version: '4.27.0', revision: 'd6e718d134'\nSystem info: os.name: 'Windows 10', os.arch: 'amd64', os.version: '10.0', java.version: '21.0.5'\nDriver info: org.openqa.selenium.chrome.ChromeDriver\nCommand: [a80f259f25c291b1a136ad95ec0e22bb, clickElement {id=f.81B698149CBE1458E8A21881B5F91767.d.B97F21D26C0B62461FE1F36AA17D1DA0.e.282}]\nCapabilities {acceptInsecureCerts: false, browserName: chrome, browserVersion: 131.0.6778.205, chrome: {chromedriverVersion: 131.0.6778.264 (2d05e315153..., userDataDir: C:\\Users\\COMPUC~1\\AppData\\L...}, fedcm:accounts: true, goog:chromeOptions: {debuggerAddress: localhost:51176}, networkConnectionEnabled: false, pageLoadStrategy: normal, platformName: windows, proxy: Proxy(), se:cdp: ws://localhost:51176/devtoo..., se:cdpVersion: 131.0.6778.205, setWindowRect: true, strictFileInteractability: false, timeouts: {implicit: 0, pageLoad: 300000, script: 30000}, unhandledPromptBehavior: dismiss and notify, webauthn:extension:credBlob: true, webauthn:extension:largeBlob: true, webauthn:extension:minPinLength: true, webauthn:extension:prf: true, webauthn:virtualAuthenticators: true}\nElement: [[[[ChromeDriver: chrome on windows (a80f259f25c291b1a136ad95ec0e22bb)] -> css selector: .product-item]] -> css selector: .action.tocompare]\nSession ID: a80f259f25c291b1a136ad95ec0e22bb\r\n\tat java.base/jdk.internal.reflect.DirectConstructorHandleAccessor.newInstance(DirectConstructorHandleAccessor.java:62)\r\n\tat java.base/java.lang.reflect.Constructor.newInstanceWithCaller(Constructor.java:502)\r\n\tat java.base/java.lang.reflect.Constructor.newInstance(Constructor.java:486)\r\n\tat org.openqa.selenium.remote.ErrorCodec.decode(ErrorCodec.java:167)\r\n\tat org.openqa.selenium.remote.codec.w3c.W3CHttpResponseCodec.decode(W3CHttpResponseCodec.java:138)\r\n\tat org.openqa.selenium.remote.codec.w3c.W3CHttpResponseCodec.decode(W3CHttpResponseCodec.java:50)\r\n\tat org.openqa.selenium.remote.HttpCommandExecutor.execute(HttpCommandExecutor.java:190)\r\n\tat org.openqa.selenium.remote.service.DriverCommandExecutor.invokeExecute(DriverCommandExecutor.java:216)\r\n\tat org.openqa.selenium.remote.service.DriverCommandExecutor.execute(DriverCommandExecutor.java:174)\r\n\tat org.openqa.selenium.remote.RemoteWebDriver.execute(RemoteWebDriver.java:545)\r\n\tat org.openqa.selenium.remote.RemoteWebElement.execute(RemoteWebElement.java:223)\r\n\tat org.openqa.selenium.remote.RemoteWebElement.click(RemoteWebElement.java:76)\r\n\tat pages.HomePage.addTwoProductsToCompareList(HomePage.java:84)\r\n\tat addProductsToCompareList.AddProductsToCompareListTest.testAddTwoProductsToCompareList(AddProductsToCompareListTest.java:62)\r\n\tat java.base/jdk.internal.reflect.DirectMethodHandleAccessor.invoke(DirectMethodHandleAccessor.java:103)\r\n\tat java.base/java.lang.reflect.Method.invoke(Method.java:580)\r\n\tat org.testng.internal.invokers.MethodInvocationHelper.invokeMethod(MethodInvocationHelper.java:141)\r\n\tat org.testng.internal.invokers.TestInvoker.invokeMethod(TestInvoker.java:686)\r\n\tat org.testng.internal.invokers.TestInvoker.invokeTestMethod(TestInvoker.java:230)\r\n\tat org.testng.internal.invokers.MethodRunner.runInSequence(MethodRunner.java:63)\r\n\tat org.testng.internal.invokers.TestInvoker$MethodInvocationAgent.invoke(TestInvoker.java:992)\r\n\tat org.testng.internal.invokers.TestInvoker.invokeTestMethods(TestInvoker.java:203)\r\n\tat org.testng.internal.invokers.TestMethodWorker.invokeTestMethods(TestMethodWorker.java:154)\r\n\tat org.testng.internal.invokers.TestMethodWorker.run(TestMethodWorker.java:134)\r\n\tat java.base/java.util.ArrayList.forEach(ArrayList.java:1596)\r\n\tat org.testng.TestRunner.privateRun(TestRunner.java:739)\r\n\tat org.testng.TestRunner.run(TestRunner.java:614)\r\n\tat org.testng.SuiteRunner.runTest(SuiteRunner.java:421)\r\n\tat org.testng.SuiteRunner.runSequentially(SuiteRunner.java:413)\r\n\tat org.testng.SuiteRunner.privateRun(SuiteRunner.java:373)\r\n\tat org.testng.SuiteRunner.run(SuiteRunner.java:312)\r\n\tat org.testng.SuiteRunnerWorker.runSuite(SuiteRunnerWorker.java:52)\r\n\tat org.testng.SuiteRunnerWorker.run(SuiteRunnerWorker.java:95)\r\n\tat org.testng.TestNG.runSuitesSequentially(TestNG.java:1274)\r\n\tat org.testng.TestNG.runSuitesLocally(TestNG.java:1208)\r\n\tat org.testng.TestNG.runSuites(TestNG.java:1112)\r\n\tat org.testng.TestNG.run(TestNG.java:1079)\r\n\tat com.intellij.rt.testng.IDEARemoteTestNG.run(IDEARemoteTestNG.java:65)\r\n\tat com.intellij.rt.testng.RemoteTestNGStarter.main(RemoteTestNGStarter.java:105)\r\n"},"stage":"finished","steps":[],"attachments":[],"parameters":[],"start":1737834711308,"stop":1737834711434}],"attachments":[],"parameters":[],"start":1737834700863,"stop":1737834711441}