{"uuid":"f6c218bc-4214-4429-a4d8-266625b74cde","historyId":"c72e090e403d4f13f205dd63cdebd028","fullName":"addProductsToCompareList.AddProductsToCompareListTest.testAddTwoProductsToCompareList","labels":[{"name":"package","value":"addProductsToCompareList.AddProductsToCompareListTest"},{"name":"testClass","value":"addProductsToCompareList.AddProductsToCompareListTest"},{"name":"testMethod","value":"testAddTwoProductsToCompareList"},{"name":"parentSuite","value":"Default Suite"},{"name":"suite","value":"Magento-Automation-Project"},{"name":"subSuite","value":"addProductsToCompareList.AddProductsToCompareListTest"},{"name":"host","value":"DESKTOP-3VRMRA4"},{"name":"thread","value":"7676@DESKTOP-3VRMRA4.main(1)"},{"name":"framework","value":"testng"},{"name":"language","value":"java"}],"links":[],"name":"testAddTwoProductsToCompareList","status":"broken","statusDetails":{"known":false,"muted":false,"flaky":false,"message":"Expected condition failed: waiting for all conditions to be valid: visibility of [[ChromeDriver: chrome on windows (43a064ed6c04f25ed75720b1b43e8b05)] -> css selector: body > div:nth-child(5) > main:nth-child(3) > div:nth-child(4) > div:nth-child(1) > div:nth-child(5) > div:nth-child(6) > div:nth-child(1) > div:nth-child(1) > ol:nth-child(1) > li:nth-child(1) > div:nth-child(1) > div:nth-child(2) > div:nth-child(5) > div:nth-child(1) > div:nth-child(2) > a:nth-child(2)] && visibility of element located by By.cssSelector: body > div:nth-child(5) > main:nth-child(3) > div:nth-child(4) > div:nth-child(1) > div:nth-child(5) > div:nth-child(6) > div:nth-child(1) > div:nth-child(1) > ol:nth-child(1) > li:nth-child(1) > div:nth-child(1) > div:nth-child(2) > div:nth-child(5) > div:nth-child(1) > div:nth-child(2) > a:nth-child(2) && presence of element located by: By.cssSelector: body > div:nth-child(5) > main:nth-child(3) > div:nth-child(4) > div:nth-child(1) > div:nth-child(5) > div:nth-child(6) > div:nth-child(1) > div:nth-child(1) > ol:nth-child(1) > li:nth-child(1) > div:nth-child(1) > div:nth-child(2) > div:nth-child(5) > div:nth-child(1) > div:nth-child(2) > a:nth-child(2) && element to be clickable: By.cssSelector: body > div:nth-child(5) > main:nth-child(3) > div:nth-child(4) > div:nth-child(1) > div:nth-child(5) > div:nth-child(6) > div:nth-child(1) > div:nth-child(1) > ol:nth-child(1) > li:nth-child(1) > div:nth-child(1) > div:nth-child(2) > div:nth-child(5) > div:nth-child(1) > div:nth-child(2) > a:nth-child(2) (tried for 9 second(s) with 500 milliseconds interval)\nBuild info: version: '4.27.0', revision: 'd6e718d134'\nSystem info: os.name: 'Windows 10', os.arch: 'amd64', os.version: '10.0', java.version: '21.0.5'\nDriver info: org.openqa.selenium.chrome.ChromeDriver\nCapabilities {acceptInsecureCerts: false, browserName: chrome, browserVersion: 131.0.6778.205, chrome: {chromedriverVersion: 131.0.6778.264 (2d05e315153..., userDataDir: C:\\Users\\COMPUC~1\\AppData\\L...}, fedcm:accounts: true, goog:chromeOptions: {debuggerAddress: localhost:61095}, networkConnectionEnabled: false, pageLoadStrategy: normal, platformName: windows, proxy: Proxy(), se:cdp: ws://localhost:61095/devtoo..., se:cdpVersion: 131.0.6778.205, setWindowRect: true, strictFileInteractability: false, timeouts: {implicit: 0, pageLoad: 300000, script: 30000}, unhandledPromptBehavior: dismiss and notify, webauthn:extension:credBlob: true, webauthn:extension:largeBlob: true, webauthn:extension:minPinLength: true, webauthn:extension:prf: true, webauthn:virtualAuthenticators: true}\nSession ID: 43a064ed6c04f25ed75720b1b43e8b05","trace":"org.openqa.selenium.TimeoutException: Expected condition failed: waiting for all conditions to be valid: visibility of [[ChromeDriver: chrome on windows (43a064ed6c04f25ed75720b1b43e8b05)] -> css selector: body > div:nth-child(5) > main:nth-child(3) > div:nth-child(4) > div:nth-child(1) > div:nth-child(5) > div:nth-child(6) > div:nth-child(1) > div:nth-child(1) > ol:nth-child(1) > li:nth-child(1) > div:nth-child(1) > div:nth-child(2) > div:nth-child(5) > div:nth-child(1) > div:nth-child(2) > a:nth-child(2)] && visibility of element located by By.cssSelector: body > div:nth-child(5) > main:nth-child(3) > div:nth-child(4) > div:nth-child(1) > div:nth-child(5) > div:nth-child(6) > div:nth-child(1) > div:nth-child(1) > ol:nth-child(1) > li:nth-child(1) > div:nth-child(1) > div:nth-child(2) > div:nth-child(5) > div:nth-child(1) > div:nth-child(2) > a:nth-child(2) && presence of element located by: By.cssSelector: body > div:nth-child(5) > main:nth-child(3) > div:nth-child(4) > div:nth-child(1) > div:nth-child(5) > div:nth-child(6) > div:nth-child(1) > div:nth-child(1) > ol:nth-child(1) > li:nth-child(1) > div:nth-child(1) > div:nth-child(2) > div:nth-child(5) > div:nth-child(1) > div:nth-child(2) > a:nth-child(2) && element to be clickable: By.cssSelector: body > div:nth-child(5) > main:nth-child(3) > div:nth-child(4) > div:nth-child(1) > div:nth-child(5) > div:nth-child(6) > div:nth-child(1) > div:nth-child(1) > ol:nth-child(1) > li:nth-child(1) > div:nth-child(1) > div:nth-child(2) > div:nth-child(5) > div:nth-child(1) > div:nth-child(2) > a:nth-child(2) (tried for 9 second(s) with 500 milliseconds interval)\nBuild info: version: '4.27.0', revision: 'd6e718d134'\nSystem info: os.name: 'Windows 10', os.arch: 'amd64', os.version: '10.0', java.version: '21.0.5'\nDriver info: org.openqa.selenium.chrome.ChromeDriver\nCapabilities {acceptInsecureCerts: false, browserName: chrome, browserVersion: 131.0.6778.205, chrome: {chromedriverVersion: 131.0.6778.264 (2d05e315153..., userDataDir: C:\\Users\\COMPUC~1\\AppData\\L...}, fedcm:accounts: true, goog:chromeOptions: {debuggerAddress: localhost:61095}, networkConnectionEnabled: false, pageLoadStrategy: normal, platformName: windows, proxy: Proxy(), se:cdp: ws://localhost:61095/devtoo..., se:cdpVersion: 131.0.6778.205, setWindowRect: true, strictFileInteractability: false, timeouts: {implicit: 0, pageLoad: 300000, script: 30000}, unhandledPromptBehavior: dismiss and notify, webauthn:extension:credBlob: true, webauthn:extension:largeBlob: true, webauthn:extension:minPinLength: true, webauthn:extension:prf: true, webauthn:virtualAuthenticators: true}\nSession ID: 43a064ed6c04f25ed75720b1b43e8b05\r\n\tat org.openqa.selenium.support.ui.WebDriverWait.timeoutException(WebDriverWait.java:84)\r\n\tat org.openqa.selenium.support.ui.FluentWait.until(FluentWait.java:228)\r\n\tat utils.MethodHandles.explicitWait(MethodHandles.java:32)\r\n\tat utils.MethodHandles.click(MethodHandles.java:51)\r\n\tat pages.HomePage.selectAndClickAProduct(HomePage.java:49)\r\n\tat addProductsToCompareList.AddProductsToCompareListTest.testAddTwoProductsToCompareList(AddProductsToCompareListTest.java:62)\r\n\tat java.base/jdk.internal.reflect.DirectMethodHandleAccessor.invoke(DirectMethodHandleAccessor.java:103)\r\n\tat java.base/java.lang.reflect.Method.invoke(Method.java:580)\r\n\tat org.testng.internal.invokers.MethodInvocationHelper.invokeMethod(MethodInvocationHelper.java:141)\r\n\tat org.testng.internal.invokers.TestInvoker.invokeMethod(TestInvoker.java:686)\r\n\tat org.testng.internal.invokers.TestInvoker.invokeTestMethod(TestInvoker.java:230)\r\n\tat org.testng.internal.invokers.MethodRunner.runInSequence(MethodRunner.java:63)\r\n\tat org.testng.internal.invokers.TestInvoker$MethodInvocationAgent.invoke(TestInvoker.java:992)\r\n\tat org.testng.internal.invokers.TestInvoker.invokeTestMethods(TestInvoker.java:203)\r\n\tat org.testng.internal.invokers.TestMethodWorker.invokeTestMethods(TestMethodWorker.java:154)\r\n\tat org.testng.internal.invokers.TestMethodWorker.run(TestMethodWorker.java:134)\r\n\tat java.base/java.util.ArrayList.forEach(ArrayList.java:1596)\r\n\tat org.testng.TestRunner.privateRun(TestRunner.java:739)\r\n\tat org.testng.TestRunner.run(TestRunner.java:614)\r\n\tat org.testng.SuiteRunner.runTest(SuiteRunner.java:421)\r\n\tat org.testng.SuiteRunner.runSequentially(SuiteRunner.java:413)\r\n\tat org.testng.SuiteRunner.privateRun(SuiteRunner.java:373)\r\n\tat org.testng.SuiteRunner.run(SuiteRunner.java:312)\r\n\tat org.testng.SuiteRunnerWorker.runSuite(SuiteRunnerWorker.java:52)\r\n\tat org.testng.SuiteRunnerWorker.run(SuiteRunnerWorker.java:95)\r\n\tat org.testng.TestNG.runSuitesSequentially(TestNG.java:1274)\r\n\tat org.testng.TestNG.runSuitesLocally(TestNG.java:1208)\r\n\tat org.testng.TestNG.runSuites(TestNG.java:1112)\r\n\tat org.testng.TestNG.run(TestNG.java:1079)\r\n\tat com.intellij.rt.testng.IDEARemoteTestNG.run(IDEARemoteTestNG.java:65)\r\n\tat com.intellij.rt.testng.RemoteTestNGStarter.main(RemoteTestNGStarter.java:105)\r\n"},"stage":"finished","steps":[{"name":"Click On Create Account Link Page","status":"passed","stage":"finished","steps":[],"attachments":[],"parameters":[],"start":1737817853141,"stop":1737817854808},{"name":"insert Create Account First Name","status":"passed","stage":"finished","steps":[],"attachments":[],"parameters":[{"name":"accountFirstNameField","value":"ebrah14"}],"start":1737817855290,"stop":1737817855699},{"name":"insert Create Account Last Name","status":"passed","stage":"finished","steps":[],"attachments":[],"parameters":[{"name":"accountLastNameField","value":"testing14"}],"start":1737817855705,"stop":1737817855994},{"name":"insert Create Account Email Address","status":"passed","stage":"finished","steps":[],"attachments":[],"parameters":[{"name":"accountEmailField","value":"Kadab14.tm@gmail.com"}],"start":1737817855998,"stop":1737817856241},{"name":"insert Create Account Password","status":"passed","stage":"finished","steps":[],"attachments":[],"parameters":[{"name":"accountPasswordField","value":"Kadabra@40404041"}],"start":1737817856243,"stop":1737817856529},{"name":"insert Create Account Confirm Password","status":"passed","stage":"finished","steps":[],"attachments":[],"parameters":[{"name":"accountConfirmPasswordField","value":"Kadabra@40404041"}],"start":1737817856531,"stop":1737817856716},{"name":"Click On Create Account Button","status":"passed","stage":"finished","steps":[],"attachments":[],"parameters":[],"start":1737817856717,"stop":1737817861238},{"name":"Get Register Success Message","status":"passed","stage":"finished","steps":[],"attachments":[],"parameters":[],"start":1737817861248,"stop":1737817861423},{"name":"Click On Brand Logo In My Account To Go Home Page","status":"passed","stage":"finished","steps":[],"attachments":[],"parameters":[],"start":1737817861435,"stop":1737817864129},{"name":"getHotSellersTitle","status":"passed","stage":"finished","steps":[],"attachments":[],"parameters":[],"start":1737817864130,"stop":1737817864317},{"name":"listOfHotelSellersIsDisplay","status":"passed","stage":"finished","steps":[],"attachments":[],"parameters":[],"start":1737817864318,"stop":1737817864445},{"name":"selectAndClickAProduct","status":"broken","statusDetails":{"known":false,"muted":false,"flaky":false,"message":"Expected condition failed: waiting for all conditions to be valid: visibility of [[ChromeDriver: chrome on windows (43a064ed6c04f25ed75720b1b43e8b05)] -> css selector: body > div:nth-child(5) > main:nth-child(3) > div:nth-child(4) > div:nth-child(1) > div:nth-child(5) > div:nth-child(6) > div:nth-child(1) > div:nth-child(1) > ol:nth-child(1) > li:nth-child(1) > div:nth-child(1) > div:nth-child(2) > div:nth-child(5) > div:nth-child(1) > div:nth-child(2) > a:nth-child(2)] && visibility of element located by By.cssSelector: body > div:nth-child(5) > main:nth-child(3) > div:nth-child(4) > div:nth-child(1) > div:nth-child(5) > div:nth-child(6) > div:nth-child(1) > div:nth-child(1) > ol:nth-child(1) > li:nth-child(1) > div:nth-child(1) > div:nth-child(2) > div:nth-child(5) > div:nth-child(1) > div:nth-child(2) > a:nth-child(2) && presence of element located by: By.cssSelector: body > div:nth-child(5) > main:nth-child(3) > div:nth-child(4) > div:nth-child(1) > div:nth-child(5) > div:nth-child(6) > div:nth-child(1) > div:nth-child(1) > ol:nth-child(1) > li:nth-child(1) > div:nth-child(1) > div:nth-child(2) > div:nth-child(5) > div:nth-child(1) > div:nth-child(2) > a:nth-child(2) && element to be clickable: By.cssSelector: body > div:nth-child(5) > main:nth-child(3) > div:nth-child(4) > div:nth-child(1) > div:nth-child(5) > div:nth-child(6) > div:nth-child(1) > div:nth-child(1) > ol:nth-child(1) > li:nth-child(1) > div:nth-child(1) > div:nth-child(2) > div:nth-child(5) > div:nth-child(1) > div:nth-child(2) > a:nth-child(2) (tried for 9 second(s) with 500 milliseconds interval)\nBuild info: version: '4.27.0', revision: 'd6e718d134'\nSystem info: os.name: 'Windows 10', os.arch: 'amd64', os.version: '10.0', java.version: '21.0.5'\nDriver info: org.openqa.selenium.chrome.ChromeDriver\nCapabilities {acceptInsecureCerts: false, browserName: chrome, browserVersion: 131.0.6778.205, chrome: {chromedriverVersion: 131.0.6778.264 (2d05e315153..., userDataDir: C:\\Users\\COMPUC~1\\AppData\\L...}, fedcm:accounts: true, goog:chromeOptions: {debuggerAddress: localhost:61095}, networkConnectionEnabled: false, pageLoadStrategy: normal, platformName: windows, proxy: Proxy(), se:cdp: ws://localhost:61095/devtoo..., se:cdpVersion: 131.0.6778.205, setWindowRect: true, strictFileInteractability: false, timeouts: {implicit: 0, pageLoad: 300000, script: 30000}, unhandledPromptBehavior: dismiss and notify, webauthn:extension:credBlob: true, webauthn:extension:largeBlob: true, webauthn:extension:minPinLength: true, webauthn:extension:prf: true, webauthn:virtualAuthenticators: true}\nSession ID: 43a064ed6c04f25ed75720b1b43e8b05","trace":"org.openqa.selenium.TimeoutException: Expected condition failed: waiting for all conditions to be valid: visibility of [[ChromeDriver: chrome on windows (43a064ed6c04f25ed75720b1b43e8b05)] -> css selector: body > div:nth-child(5) > main:nth-child(3) > div:nth-child(4) > div:nth-child(1) > div:nth-child(5) > div:nth-child(6) > div:nth-child(1) > div:nth-child(1) > ol:nth-child(1) > li:nth-child(1) > div:nth-child(1) > div:nth-child(2) > div:nth-child(5) > div:nth-child(1) > div:nth-child(2) > a:nth-child(2)] && visibility of element located by By.cssSelector: body > div:nth-child(5) > main:nth-child(3) > div:nth-child(4) > div:nth-child(1) > div:nth-child(5) > div:nth-child(6) > div:nth-child(1) > div:nth-child(1) > ol:nth-child(1) > li:nth-child(1) > div:nth-child(1) > div:nth-child(2) > div:nth-child(5) > div:nth-child(1) > div:nth-child(2) > a:nth-child(2) && presence of element located by: By.cssSelector: body > div:nth-child(5) > main:nth-child(3) > div:nth-child(4) > div:nth-child(1) > div:nth-child(5) > div:nth-child(6) > div:nth-child(1) > div:nth-child(1) > ol:nth-child(1) > li:nth-child(1) > div:nth-child(1) > div:nth-child(2) > div:nth-child(5) > div:nth-child(1) > div:nth-child(2) > a:nth-child(2) && element to be clickable: By.cssSelector: body > div:nth-child(5) > main:nth-child(3) > div:nth-child(4) > div:nth-child(1) > div:nth-child(5) > div:nth-child(6) > div:nth-child(1) > div:nth-child(1) > ol:nth-child(1) > li:nth-child(1) > div:nth-child(1) > div:nth-child(2) > div:nth-child(5) > div:nth-child(1) > div:nth-child(2) > a:nth-child(2) (tried for 9 second(s) with 500 milliseconds interval)\nBuild info: version: '4.27.0', revision: 'd6e718d134'\nSystem info: os.name: 'Windows 10', os.arch: 'amd64', os.version: '10.0', java.version: '21.0.5'\nDriver info: org.openqa.selenium.chrome.ChromeDriver\nCapabilities {acceptInsecureCerts: false, browserName: chrome, browserVersion: 131.0.6778.205, chrome: {chromedriverVersion: 131.0.6778.264 (2d05e315153..., userDataDir: C:\\Users\\COMPUC~1\\AppData\\L...}, fedcm:accounts: true, goog:chromeOptions: {debuggerAddress: localhost:61095}, networkConnectionEnabled: false, pageLoadStrategy: normal, platformName: windows, proxy: Proxy(), se:cdp: ws://localhost:61095/devtoo..., se:cdpVersion: 131.0.6778.205, setWindowRect: true, strictFileInteractability: false, timeouts: {implicit: 0, pageLoad: 300000, script: 30000}, unhandledPromptBehavior: dismiss and notify, webauthn:extension:credBlob: true, webauthn:extension:largeBlob: true, webauthn:extension:minPinLength: true, webauthn:extension:prf: true, webauthn:virtualAuthenticators: true}\nSession ID: 43a064ed6c04f25ed75720b1b43e8b05\r\n\tat org.openqa.selenium.support.ui.WebDriverWait.timeoutException(WebDriverWait.java:84)\r\n\tat org.openqa.selenium.support.ui.FluentWait.until(FluentWait.java:228)\r\n\tat utils.MethodHandles.explicitWait(MethodHandles.java:32)\r\n\tat utils.MethodHandles.click(MethodHandles.java:51)\r\n\tat pages.HomePage.selectAndClickAProduct(HomePage.java:49)\r\n\tat addProductsToCompareList.AddProductsToCompareListTest.testAddTwoProductsToCompareList(AddProductsToCompareListTest.java:62)\r\n\tat java.base/jdk.internal.reflect.DirectMethodHandleAccessor.invoke(DirectMethodHandleAccessor.java:103)\r\n\tat java.base/java.lang.reflect.Method.invoke(Method.java:580)\r\n\tat org.testng.internal.invokers.MethodInvocationHelper.invokeMethod(MethodInvocationHelper.java:141)\r\n\tat org.testng.internal.invokers.TestInvoker.invokeMethod(TestInvoker.java:686)\r\n\tat org.testng.internal.invokers.TestInvoker.invokeTestMethod(TestInvoker.java:230)\r\n\tat org.testng.internal.invokers.MethodRunner.runInSequence(MethodRunner.java:63)\r\n\tat org.testng.internal.invokers.TestInvoker$MethodInvocationAgent.invoke(TestInvoker.java:992)\r\n\tat org.testng.internal.invokers.TestInvoker.invokeTestMethods(TestInvoker.java:203)\r\n\tat org.testng.internal.invokers.TestMethodWorker.invokeTestMethods(TestMethodWorker.java:154)\r\n\tat org.testng.internal.invokers.TestMethodWorker.run(TestMethodWorker.java:134)\r\n\tat java.base/java.util.ArrayList.forEach(ArrayList.java:1596)\r\n\tat org.testng.TestRunner.privateRun(TestRunner.java:739)\r\n\tat org.testng.TestRunner.run(TestRunner.java:614)\r\n\tat org.testng.SuiteRunner.runTest(SuiteRunner.java:421)\r\n\tat org.testng.SuiteRunner.runSequentially(SuiteRunner.java:413)\r\n\tat org.testng.SuiteRunner.privateRun(SuiteRunner.java:373)\r\n\tat org.testng.SuiteRunner.run(SuiteRunner.java:312)\r\n\tat org.testng.SuiteRunnerWorker.runSuite(SuiteRunnerWorker.java:52)\r\n\tat org.testng.SuiteRunnerWorker.run(SuiteRunnerWorker.java:95)\r\n\tat org.testng.TestNG.runSuitesSequentially(TestNG.java:1274)\r\n\tat org.testng.TestNG.runSuitesLocally(TestNG.java:1208)\r\n\tat org.testng.TestNG.runSuites(TestNG.java:1112)\r\n\tat org.testng.TestNG.run(TestNG.java:1079)\r\n\tat com.intellij.rt.testng.IDEARemoteTestNG.run(IDEARemoteTestNG.java:65)\r\n\tat com.intellij.rt.testng.RemoteTestNGStarter.main(RemoteTestNGStarter.java:105)\r\n"},"stage":"finished","steps":[],"attachments":[],"parameters":[],"start":1737817864445,"stop":1737817873883}],"attachments":[],"parameters":[],"start":1737817853102,"stop":1737817873899}